[844] <dependencies> <D:\projects\pytypes2\new100\dash\dash\dependencies.py#1:0-0>
[714] <DashDependency> <D:\projects\pytypes2\new100\dash\dash\dependencies.py#1:6-20>
[715] <__init__> <D:\projects\pytypes2\new100\dash\dash\dependencies.py#3:77-85>
[731] <__str__> <D:\projects\pytypes2\new100\dash\dash\dependencies.py#7:234-241>
[746] <__repr__> <D:\projects\pytypes2\new100\dash\dash\dependencies.py#13:372-380>
[761] <__eq__> <D:\projects\pytypes2\new100\dash\dash\dependencies.py#16:465-471>
[779] <__hash__> <D:\projects\pytypes2\new100\dash\dash\dependencies.py#19:575-583>
[791] <Output> <D:\projects\pytypes2\new100\dash\dash\dependencies.py#23:634-640>
[797] <Input> <D:\projects\pytypes2\new100\dash\dash\dependencies.py#27:744-749>
[803] <State> <D:\projects\pytypes2\new100\dash\dash\dependencies.py#31:887-892>
[809] <ClientsideFunction> <D:\projects\pytypes2\new100\dash\dash\dependencies.py#35:1040-1058>
[810] <__init__> <D:\projects\pytypes2\new100\dash\dash\dependencies.py#37:1115-1123>
[826] <__repr__> <D:\projects\pytypes2\new100\dash\dash\dependencies.py#41:1258-1266>
[2038] <build_process> <D:\projects\pytypes2\new100\dash\dash\development\build_process.py#1:0-0>
[2319] <__future__> <D:\software\python\Lib\__future__.py#1:0-0>
[2041] <all_feature_names> <D:\software\python\Lib\__future__.py#50:1747-1764>
[2054] <__all__> <D:\software\python\Lib\__future__.py#63:1994-2001>
[2060] <CO_NESTED> <D:\software\python\Lib\__future__.py#69:2296-2305>
[2063] <CO_GENERATOR_ALLOWED> <D:\software\python\Lib\__future__.py#70:2353-2373>
[2066] <CO_FUTURE_DIVISION> <D:\software\python\Lib\__future__.py#71:2430-2448>
[2069] <CO_FUTURE_ABSOLUTE_IMPORT> <D:\software\python\Lib\__future__.py#72:2482-2507>
[2072] <CO_FUTURE_WITH_STATEMENT> <D:\software\python\Lib\__future__.py#73:2561-2585>
[2075] <CO_FUTURE_PRINT_FUNCTION> <D:\software\python\Lib\__future__.py#74:2619-2643>
[2078] <CO_FUTURE_UNICODE_LITERALS> <D:\software\python\Lib\__future__.py#75:2677-2703>
[2081] <CO_FUTURE_BARRY_AS_BDFL> <D:\software\python\Lib\__future__.py#76:2744-2767>
[2084] <CO_FUTURE_GENERATOR_STOP> <D:\software\python\Lib\__future__.py#77:2780-2804>
[2087] <CO_FUTURE_ANNOTATIONS> <D:\software\python\Lib\__future__.py#78:2872-2893>
[2090] <_Feature> <D:\software\python\Lib\__future__.py#81:2963-2971>
[2091] <__init__> <D:\software\python\Lib\__future__.py#83:2984-2992>
[2113] <getOptionalRelease> <D:\software\python\Lib\__future__.py#88:3189-3207>
[2123] <getMandatoryRelease> <D:\software\python\Lib\__future__.py#95:3408-3427>
[2133] <__repr__> <D:\software\python\Lib\__future__.py#103:3717-3725>
[2092] <self> <D:\software\python\Lib\__future__.py#83:2993-2996>
[2093] <optionalRelease> <D:\software\python\Lib\__future__.py#83:2999-3002>
[2094] <mandatoryRelease> <D:\software\python\Lib\__future__.py#83:3016-3019>
[2095] <compiler_flag> <D:\software\python\Lib\__future__.py#83:3034-3037>
[2097] <optional> <D:\software\python\Lib\__future__.py#84:3064-3072>
[2102] <mandatory> <D:\software\python\Lib\__future__.py#85:3105-3114>
[2107] <compiler_flag> <D:\software\python\Lib\__future__.py#86:3148-3161>
[2154] <nested_scopes> <D:\software\python\Lib\__future__.py#109:3895-3908>
[2171] <generators> <D:\software\python\Lib\__future__.py#113:4032-4042>
[2188] <division> <D:\software\python\Lib\__future__.py#117:4171-4179>
[2205] <absolute_import> <D:\software\python\Lib\__future__.py#121:4302-4317>
[2222] <with_statement> <D:\software\python\Lib\__future__.py#125:4461-4475>
[2239] <print_function> <D:\software\python\Lib\__future__.py#129:4616-4630>
[2256] <unicode_literals> <D:\software\python\Lib\__future__.py#133:4771-4787>
[2273] <barry_as_FLUFL> <D:\software\python\Lib\__future__.py#137:4934-4948>
[2290] <generator_stop> <D:\software\python\Lib\__future__.py#141:5088-5102>
[2307] <annotations> <D:\software\python\Lib\__future__.py#145:5242-5253>
[1221] <__future__> <D:\projects\pytypes2\new100\dash\dash\development\build_process.py#2:30-40>
[1257] <logger> <D:\projects\pytypes2\new100\dash\dash\development\build_process.py#14:250-256>
[1273] <BuildProcess> <D:\projects\pytypes2\new100\dash\dash\development\build_process.py#21:412-424>
[1275] <__init__> <D:\projects\pytypes2\new100\dash\dash\development\build_process.py#22:443-451>
[1352] <_parse_package> <D:\projects\pytypes2\new100\dash\dash\development\build_process.py#32:899-913>
[1412] <_concat> <D:\projects\pytypes2\new100\dash\dash\development\build_process.py#43:1286-1293>
[1437] <_clean_path> <D:\projects\pytypes2\new100\dash\dash\development\build_process.py#49:1442-1453>
[1505] <clean> <D:\projects\pytypes2\new100\dash\dash\development\build_process.py#63:1967-1972>
[1521] <npm> <D:\projects\pytypes2\new100\dash\dash\development\build_process.py#68:2108-2111>
[1547] <watch> <D:\projects\pytypes2\new100\dash\dash\development\build_process.py#75:2351-2356>
[1565] <build> <D:\projects\pytypes2\new100\dash\dash\development\build_process.py#80:2500-2505>
[1591] <digest> <D:\projects\pytypes2\new100\dash\dash\development\build_process.py#87:2678-2684>
[1710] <bundles> <D:\projects\pytypes2\new100\dash\dash\development\build_process.py#111:3516-3523>
[1971] <Renderer> <D:\projects\pytypes2\new100\dash\dash\development\build_process.py#158:5315-5323>
[1973] <__init__> <D:\projects\pytypes2\new100\dash\dash\development\build_process.py#159:5348-5356>
[2028] <renderer> <D:\projects\pytypes2\new100\dash\dash\development\build_process.py#179:6117-6125>
[5017] <component_loader> <D:\projects\pytypes2\new100\dash\dash\development\component_loader.py#1:0-0>
[4864] <_get_metadata> <D:\projects\pytypes2\new100\dash\dash\development\component_loader.py#14:245-258>
[4897] <load_components> <D:\projects\pytypes2\new100\dash\dash\development\component_loader.py#24:529-544>
[4966] <generate_classes> <D:\projects\pytypes2\new100\dash\dash\development\component_loader.py#66:1913-1929>
[5884] <_all_keywords> <D:\projects\pytypes2\new100\dash\dash\development\_all_keywords.py#1:0-0>
[5820] <python_keywords> <D:\projects\pytypes2\new100\dash\dash\development\_all_keywords.py#2:42-57>
[5860] <r_keywords> <D:\projects\pytypes2\new100\dash\dash\development\_all_keywords.py#49:764-774>
[6623] <development> <D:\projects\pytypes2\new100\dash\dash\development\__init__.py#1:0-0>
[6750] <exceptions> <D:\projects\pytypes2\new100\dash\dash\exceptions.py#1:0-0>
[6624] <DashException> <D:\projects\pytypes2\new100\dash\dash\exceptions.py#1:6-19>
[6629] <ObsoleteKwargException> <D:\projects\pytypes2\new100\dash\dash\exceptions.py#5:53-75>
[6634] <NoLayoutException> <D:\projects\pytypes2\new100\dash\dash\exceptions.py#9:113-130>
[6639] <CallbackException> <D:\projects\pytypes2\new100\dash\dash\exceptions.py#13:168-185>
[6644] <NonExistentIdException> <D:\projects\pytypes2\new100\dash\dash\exceptions.py#17:223-245>
[6649] <NonExistentPropException> <D:\projects\pytypes2\new100\dash\dash\exceptions.py#21:287-311>
[6654] <NonExistentEventException> <D:\projects\pytypes2\new100\dash\dash\exceptions.py#25:353-378>
[6659] <UndefinedLayoutException> <D:\projects\pytypes2\new100\dash\dash\exceptions.py#29:420-444>
[6664] <IncorrectTypeException> <D:\projects\pytypes2\new100\dash\dash\exceptions.py#33:486-508>
[6669] <MissingInputsException> <D:\projects\pytypes2\new100\dash\dash\exceptions.py#37:550-572>
[6674] <LayoutIsNotDefined> <D:\projects\pytypes2\new100\dash\dash\exceptions.py#41:614-632>
[6679] <IDsCantContainPeriods> <D:\projects\pytypes2\new100\dash\dash\exceptions.py#45:674-695>
[6684] <InvalidComponentIdError> <D:\projects\pytypes2\new100\dash\dash\exceptions.py#50:804-827>
[6689] <CantHaveMultipleOutputs> <D:\projects\pytypes2\new100\dash\dash\exceptions.py#54:873-896>
[6694] <DuplicateCallbackOutput> <D:\projects\pytypes2\new100\dash\dash\exceptions.py#59:987-1010>
[6699] <PreventUpdate> <D:\projects\pytypes2\new100\dash\dash\exceptions.py#63:1058-1071>
[6704] <DuplicateIdError> <D:\projects\pytypes2\new100\dash\dash\exceptions.py#67:1113-1129>
[6709] <InvalidCallbackReturnValue> <D:\projects\pytypes2\new100\dash\dash\exceptions.py#71:1167-1193>
[6714] <InvalidConfig> <D:\projects\pytypes2\new100\dash\dash\exceptions.py#75:1235-1248>
[6719] <InvalidResourceError> <D:\projects\pytypes2\new100\dash\dash\exceptions.py#79:1286-1306>
[6724] <InvalidIndexException> <D:\projects\pytypes2\new100\dash\dash\exceptions.py#83:1344-1365>
[6729] <DependencyException> <D:\projects\pytypes2\new100\dash\dash\exceptions.py#87:1403-1422>
[6734] <ResourceException> <D:\projects\pytypes2\new100\dash\dash\exceptions.py#91:1460-1477>
[6739] <SameInputOutputException> <D:\projects\pytypes2\new100\dash\dash\exceptions.py#95:1515-1539>
[6744] <MissingCallbackContextException> <D:\projects\pytypes2\new100\dash\dash\exceptions.py#99:1581-1612>
[7237] <resources> <D:\projects\pytypes2\new100\dash\dash\resources.py#1:0-0>
[6885] <development> <D:\projects\pytypes2\new100\dash\dash\resources.py#5:49-60>
[6893] <Resources> <D:\projects\pytypes2\new100\dash\dash\resources.py#9:138-147>
[6894] <__init__> <D:\projects\pytypes2\new100\dash\dash\resources.py#10:158-166>
[6909] <append_resource> <D:\projects\pytypes2\new100\dash\dash\resources.py#14:274-289>
[6922] <_filter_resources> <D:\projects\pytypes2\new100\dash\dash\resources.py#17:360-377>
[7083] <get_all_resources> <D:\projects\pytypes2\new100\dash\dash\resources.py#65:2566-2583>
[7114] <_Config> <D:\projects\pytypes2\new100\dash\dash\resources.py#73:2866-2873>
[7115] <__init__> <D:\projects\pytypes2\new100\dash\dash\resources.py#74:2884-2892>
[7127] <Css> <D:\projects\pytypes2\new100\dash\dash\resources.py#78:2970-2973>
[7128] <__init__> <D:\projects\pytypes2\new100\dash\dash\resources.py#79:2984-2992>
[7154] <append_css> <D:\projects\pytypes2\new100\dash\dash\resources.py#83:3147-3157>
[7167] <get_all_css> <D:\projects\pytypes2\new100\dash\dash\resources.py#86:3241-3252>
[7180] <Scripts> <D:\projects\pytypes2\new100\dash\dash\resources.py#90:3323-3330>
[7181] <__init__> <D:\projects\pytypes2\new100\dash\dash\resources.py#91:3341-3349>
[7207] <append_script> <D:\projects\pytypes2\new100\dash\dash\resources.py#95:3503-3516>
[7220] <get_all_scripts> <D:\projects\pytypes2\new100\dash\dash\resources.py#98:3592-3607>
[8216] <composite> <D:\projects\pytypes2\new100\dash\dash\testing\composite.py#1:0-0>
[8249] <dash> <D:\projects\pytypes2\new100\dash\dash\__init__.py#1:0-0>
[8254] <version> <D:\projects\pytypes2\new100\dash\dash\version.py#1:0-0>
[8250] <__version__> <D:\projects\pytypes2\new100\dash\dash\version.py#1:0-11>
[8235] <version> <D:\projects\pytypes2\new100\dash\dash\__init__.py#6:217-224>
[8341] <_callback_context> <D:\projects\pytypes2\new100\dash\dash\_callback_context.py#1:0-0>
[8264] <has_context> <D:\projects\pytypes2\new100\dash\dash\_callback_context.py#7:68-79>
[8290] <CallbackContext> <D:\projects\pytypes2\new100\dash\dash\_callback_context.py#22:562-577>
[8291] <inputs> <D:\projects\pytypes2\new100\dash\dash\_callback_context.py#25:621-627>
[8303] <states> <D:\projects\pytypes2\new100\dash\dash\_callback_context.py#30:732-738>
[8315] <triggered> <D:\projects\pytypes2\new100\dash\dash\_callback_context.py#35:843-852>
[8327] <response> <D:\projects\pytypes2\new100\dash\dash\_callback_context.py#40:961-969>
[8239] <_callback_context> <D:\projects\pytypes2\new100\dash\dash\__init__.py#7:265-282>
[8244] <callback_context> <D:\projects\pytypes2\new100\dash\dash\__init__.py#9:329-345>
[8114] <dash> <D:\projects\pytypes2\new100\dash\dash\testing\composite.py#1:5-9>
[9329] <testing> <D:\projects\pytypes2\new100\dash\dash\testing\__init__.py#-1:0-0>
[8115] <testing> <D:\projects\pytypes2\new100\dash\dash\testing\composite.py#1:10-17>
[8120] <DashComposite> <D:\projects\pytypes2\new100\dash\dash\testing\composite.py#4:52-65>
[8122] <__init__> <D:\projects\pytypes2\new100\dash\dash\testing\composite.py#5:85-93>
[8143] <start_server> <D:\projects\pytypes2\new100\dash\dash\testing\composite.py#9:215-227>
[8170] <DashRComposite> <D:\projects\pytypes2\new100\dash\dash\testing\composite.py#19:520-534>
[8172] <__init__> <D:\projects\pytypes2\new100\dash\dash\testing\composite.py#20:554-562>
[8193] <start_server> <D:\projects\pytypes2\new100\dash\dash\testing\composite.py#24:685-697>
[9344] <consts> <D:\projects\pytypes2\new100\dash\dash\testing\consts.py#1:0-0>
[9340] <SELENIUM_GRID_DEFAULT> <D:\projects\pytypes2\new100\dash\dash\testing\consts.py#1:0-21>
[9466] <dash_page> <D:\projects\pytypes2\new100\dash\dash\testing\dash_page.py#1:0-0>
[9349] <DashPageMixin> <D:\projects\pytypes2\new100\dash\dash\testing\dash_page.py#4:41-54>
[9351] <_get_dash_dom_by_attribute> <D:\projects\pytypes2\new100\dash\dash\testing\dash_page.py#5:73-99>
[9371] <devtools_error_count_locator> <D:\projects\pytypes2\new100\dash\dash\testing\dash_page.py#12:279-307>
[9377] <dash_entry_locator> <D:\projects\pytypes2\new100\dash\dash\testing\dash_page.py#16:386-404>
[9383] <dash_outerhtml_dom> <D:\projects\pytypes2\new100\dash\dash\testing\dash_page.py#20:475-493>
[9393] <dash_innerhtml_dom> <D:\projects\pytypes2\new100\dash\dash\testing\dash_page.py#24:588-606>
[9403] <redux_state_paths> <D:\projects\pytypes2\new100\dash\dash\testing\dash_page.py#28:701-718>
[9415] <redux_state_rqs> <D:\projects\pytypes2\new100\dash\dash\testing\dash_page.py#34:859-874>
[9427] <get_local_storage> <D:\projects\pytypes2\new100\dash\dash\testing\dash_page.py#39:1007-1024>
[9445] <get_session_storage> <D:\projects\pytypes2\new100\dash\dash\testing\dash_page.py#46:1234-1253>
[9515] <errors> <D:\projects\pytypes2\new100\dash\dash\testing\errors.py#1:0-0>
[9472] <DashTestingError> <D:\projects\pytypes2\new100\dash\dash\testing\errors.py#1:6-22>
[9478] <InvalidDriverError> <D:\projects\pytypes2\new100\dash\dash\testing\errors.py#5:85-103>
[9484] <NoAppFoundError> <D:\projects\pytypes2\new100\dash\dash\testing\errors.py#9:187-202>
[9490] <DashAppLoadingError> <D:\projects\pytypes2\new100\dash\dash\testing\errors.py#13:276-295>
[9496] <ServerCloseError> <D:\projects\pytypes2\new100\dash\dash\testing\errors.py#17:365-381>
[9502] <TestingTimeoutError> <D:\projects\pytypes2\new100\dash\dash\testing\errors.py#21:451-470>
[9508] <BrowserError> <D:\projects\pytypes2\new100\dash\dash\testing\errors.py#25:549-561>
[9557] <newhooks> <D:\projects\pytypes2\new100\dash\dash\testing\newhooks.py#1:0-0>
[9551] <pytest_setup_options> <D:\projects\pytypes2\new100\dash\dash\testing\newhooks.py#1:4-24>
[10095] <wait> <D:\projects\pytypes2\new100\dash\dash\testing\wait.py#1:0-0>
[9715] <dash> <D:\projects\pytypes2\new100\dash\dash\testing\wait.py#6:195-199>
[9716] <testing> <D:\projects\pytypes2\new100\dash\dash\testing\wait.py#6:200-207>
[9717] <errors> <D:\projects\pytypes2\new100\dash\dash\testing\wait.py#6:208-214>
[9721] <logger> <D:\projects\pytypes2\new100\dash\dash\testing\wait.py#9:247-253>
[9728] <until> <D:\projects\pytypes2\new100\dash\dash\testing\wait.py#12:293-298>
[9793] <until_not> <D:\projects\pytypes2\new100\dash\dash\testing\wait.py#36:855-864>
[9857] <contains_text> <D:\projects\pytypes2\new100\dash\dash\testing\wait.py#57:1398-1411>
[9859] <__init__> <D:\projects\pytypes2\new100\dash\dash\testing\wait.py#58:1430-1438>
[9875] <__call__> <D:\projects\pytypes2\new100\dash\dash\testing\wait.py#62:1533-1541>
[9937] <text_to_equal> <D:\projects\pytypes2\new100\dash\dash\testing\wait.py#76:2033-2046>
[9939] <__init__> <D:\projects\pytypes2\new100\dash\dash\testing\wait.py#77:2065-2073>
[9955] <__call__> <D:\projects\pytypes2\new100\dash\dash\testing\wait.py#81:2168-2176>
[10017] <style_to_equal> <D:\projects\pytypes2\new100\dash\dash\testing\wait.py#96:2687-2701>
[10019] <__init__> <D:\projects\pytypes2\new100\dash\dash\testing\wait.py#97:2720-2728>
[10041] <__call__> <D:\projects\pytypes2\new100\dash\dash\testing\wait.py#102:2855-2863>
[10774] <_watch> <D:\projects\pytypes2\new100\dash\dash\_watch.py#1:0-0>
[10624] <watch> <D:\projects\pytypes2\new100\dash\dash\_watch.py#7:63-68>
[11699] <dash_renderer> <D:\projects\pytypes2\new100\dash\dash-renderer\dash_renderer\__init__.py#1:0-0>
[11628] <__version__> <D:\projects\pytypes2\new100\dash\dash-renderer\dash_renderer\__init__.py#4:24-35>
[11631] <_js_dist_dependencies> <D:\projects\pytypes2\new100\dash\dash-renderer\dash_renderer\__init__.py#6:49-70>
[11661] <_js_dist> <D:\projects\pytypes2\new100\dash\dash-renderer\dash_renderer\__init__.py#37:1093-1101>
[11747] <setup> <D:\projects\pytypes2\new100\dash\dash-renderer\setup.py#1:0-0>
[11719] <fp> <D:\projects\pytypes2\new100\dash\dash-renderer\setup.py#4:74-76>
[11708] <package> <D:\projects\pytypes2\new100\dash\dash-renderer\setup.py#5:83-90>
[11752] <version> <D:\projects\pytypes2\new100\dash\dash-renderer\version.py#1:0-0>
[11748] <__version__> <D:\projects\pytypes2\new100\dash\dash-renderer\version.py#1:0-11>
[11904] <setup> <D:\projects\pytypes2\new100\dash\setup.py#1:0-0>
[12120] <io> <D:\software\python\Lib\io.py#1:0-0>
[11907] <__author__> <D:\software\python\Lib\io.py#37:1559-1569>
[11910] <__all__> <D:\software\python\Lib\io.py#44:1905-1912>
[12456] <abc> <D:\software\python\Lib\abc.py#1:0-0>
[12123] <abstractmethod> <D:\software\python\Lib\abc.py#7:171-185>
[12136] <abstractclassmethod> <D:\software\python\Lib\abc.py#28:867-886>
[12140] <__isabstractmethod__> <D:\software\python\Lib\abc.py#41:1194-1214>
[12143] <__init__> <D:\software\python\Lib\abc.py#43:1233-1241>
[12162] <abstractstaticmethod> <D:\software\python\Lib\abc.py#48:1352-1372>
[12166] <__isabstractmethod__> <D:\software\python\Lib\abc.py#61:1680-1700>
[12169] <__init__> <D:\software\python\Lib\abc.py#63:1719-1727>
[12188] <abstractproperty> <D:\software\python\Lib\abc.py#68:1838-1854>
[12192] <__isabstractmethod__> <D:\software\python\Lib\abc.py#81:2144-2164>
[12963] <_py_abc> <D:\software\python\Lib\_py_abc.py#1:0-0>
[12476] <get_cache_token> <D:\software\python\Lib\_py_abc.py#4:41-56>
[12485] <ABCMeta> <D:\software\python\Lib\_py_abc.py#14:385-392>
[12489] <_abc_invalidation_counter> <D:\software\python\Lib\_py_abc.py#33:1334-1359>
[12492] <__new__> <D:\software\python\Lib\_py_abc.py#35:1375-1382>
[12592] <register> <D:\software\python\Lib\_py_abc.py#54:2283-2291>
[12638] <_dump_registry> <D:\software\python\Lib\_py_abc.py#72:3132-3146>
[12690] <_abc_registry_clear> <D:\software\python\Lib\_py_abc.py#83:3632-3651>
[12703] <_abc_caches_clear> <D:\software\python\Lib\_py_abc.py#87:3766-3783>
[12723] <__instancecheck__> <D:\software\python\Lib\_py_abc.py#92:3934-3951>
[12791] <__subclasscheck__> <D:\software\python\Lib\_py_abc.py#108:4609-4626>
[12348] <_py_abc> <D:\software\python\Lib\abc.py#89:2408-2415>
[12355] <__module__> <D:\software\python\Lib\abc.py#90:2461-2471>
[12216] <ABCMeta> <D:\software\python\Lib\abc.py#92:2498-2505>
[12220] <__new__> <D:\software\python\Lib\abc.py#105:3209-3216>
[12243] <register> <D:\software\python\Lib\abc.py#110:3403-3411>
[12255] <__instancecheck__> <D:\software\python\Lib\abc.py#117:3638-3655>
[12267] <__subclasscheck__> <D:\software\python\Lib\abc.py#121:3800-3817>
[12279] <_dump_registry> <D:\software\python\Lib\abc.py#125:3962-3976>
[12325] <_abc_registry_clear> <D:\software\python\Lib\abc.py#137:4656-4675>
[12335] <_abc_caches_clear> <D:\software\python\Lib\abc.py#141:4797-4814>
[12362] <update_abstractmethods> <D:\software\python\Lib\abc.py#146:4926-4948>
[12447] <ABC> <D:\software\python\Lib\abc.py#184:6568-6571>
[12450] <__slots__> <D:\software\python\Lib\abc.py#188:6697-6706>
[11935] <abc> <D:\software\python\Lib\io.py#52:2265-2268>
[11970] <__getattr__> <D:\software\python\Lib\io.py#60:2577-2588>
[12004] <SEEK_SET> <D:\software\python\Lib\io.py#80:3427-3435>
[12007] <SEEK_CUR> <D:\software\python\Lib\io.py#81:3441-3449>
[12010] <SEEK_END> <D:\software\python\Lib\io.py#82:3455-3463>
[12013] <IOBase> <D:\software\python\Lib\io.py#87:3624-3630>
[12017] <__doc__> <D:\software\python\Lib\io.py#88:3673-3680>
[12026] <RawIOBase> <D:\software\python\Lib\io.py#90:3712-3721>
[12031] <__doc__> <D:\software\python\Lib\io.py#91:3752-3759>
[12040] <BufferedIOBase> <D:\software\python\Lib\io.py#93:3794-3808>
[12045] <__doc__> <D:\software\python\Lib\io.py#94:3844-3851>
[12054] <TextIOBase> <D:\software\python\Lib\io.py#96:3891-3901>
[12059] <__doc__> <D:\software\python\Lib\io.py#97:3933-3940>
[12074] <klass> <D:\software\python\Lib\io.py#101:4004-4009>
[12089] <klass> <D:\software\python\Lib\io.py#105:4146-4151>
[11753] <io> <D:\projects\pytypes2\new100\dash\setup.py#1:7-9>
[11762] <main_ns> <D:\projects\pytypes2\new100\dash\setup.py#4:58-65>
[11775] <read_req_file> <D:\projects\pytypes2\new100\dash\setup.py#8:156-169>
[11776] <req_type> <D:\projects\pytypes2\new100\dash\setup.py#8:170-173>
[11809] <fp> <D:\projects\pytypes2\new100\dash\setup.py#9:235-237>
[11782] <line> <D:\projects\pytypes2\new100\dash\setup.py#10:277-281>
[11777] <requires> <D:\projects\pytypes2\new100\dash\setup.py#10:248-256>
[11788] <req> <D:\projects\pytypes2\new100\dash\setup.py#11:314-317>
[13571] <test_basic_callback> <D:\projects\pytypes2\new100\dash\tests\integration\callbacks\test_basic_callback.py#1:0-0>
[13638] <multiprocessing> <D:\software\python\Lib\multiprocessing\__init__.py#1:0-0>
[13580] <x> <D:\software\python\Lib\multiprocessing\__init__.py#22:533-534>
[13578] <__all__> <D:\software\python\Lib\multiprocessing\__init__.py#22:516-523>
[13607] <name> <D:\software\python\Lib\multiprocessing\__init__.py#23:664-668>
[13613] <SUBDEBUG> <D:\software\python\Lib\multiprocessing\__init__.py#29:748-756>
[13616] <SUBWARNING> <D:\software\python\Lib\multiprocessing\__init__.py#30:762-772>
[13109] <multiprocessing> <D:\projects\pytypes2\new100\dash\tests\integration\callbacks\test_basic_callback.py#1:5-20>
[13125] <dash> <D:\projects\pytypes2\new100\dash\tests\integration\callbacks\test_basic_callback.py#7:150-154>
[13128] <dash> <D:\projects\pytypes2\new100\dash\tests\integration\callbacks\test_basic_callback.py#8:161-165>
[13129] <dependencies> <D:\projects\pytypes2\new100\dash\tests\integration\callbacks\test_basic_callback.py#8:166-178>
[13135] <test_cbsc001_simple_callback> <D:\projects\pytypes2\new100\dash\tests\integration\callbacks\test_basic_callback.py#11:209-237>
[13289] <test_cbsc002_callbacks_generating_children> <D:\projects\pytypes2\new100\dash\tests\integration\callbacks\test_basic_callback.py#49:1337-1379>
[14586] <test_layout_paths_with_callbacks> <D:\projects\pytypes2\new100\dash\tests\integration\callbacks\test_layout_paths_with_callbacks.py#1:0-0>
[13646] <multiprocessing> <D:\projects\pytypes2\new100\dash\tests\integration\callbacks\test_layout_paths_with_callbacks.py#3:29-44>
[13658] <dash> <D:\projects\pytypes2\new100\dash\tests\integration\callbacks\test_layout_paths_with_callbacks.py#6:137-141>
[13662] <dash> <D:\projects\pytypes2\new100\dash\tests\integration\callbacks\test_layout_paths_with_callbacks.py#7:160-164>
[13663] <dependencies> <D:\projects\pytypes2\new100\dash\tests\integration\callbacks\test_layout_paths_with_callbacks.py#7:165-177>
[13669] <dash> <D:\projects\pytypes2\new100\dash\tests\integration\callbacks\test_layout_paths_with_callbacks.py#8:207-211>
[13672] <wait> <D:\projects\pytypes2\new100\dash\tests\integration\callbacks\test_layout_paths_with_callbacks.py#8:220-224>
[13675] <test_cblp001_radio_buttons_callbacks_generating_children> <D:\projects\pytypes2\new100\dash\tests\integration\callbacks\test_layout_paths_with_callbacks.py#11:242-298>
[14739] <test_multiple_callbacks> <D:\projects\pytypes2\new100\dash\tests\integration\callbacks\test_multiple_callbacks.py#1:0-0>
[14591] <multiprocessing> <D:\projects\pytypes2\new100\dash\tests\integration\callbacks\test_multiple_callbacks.py#2:18-33>
[14599] <dash> <D:\projects\pytypes2\new100\dash\tests\integration\callbacks\test_multiple_callbacks.py#5:94-98>
[14602] <dash> <D:\projects\pytypes2\new100\dash\tests\integration\callbacks\test_multiple_callbacks.py#6:105-109>
[14603] <dependencies> <D:\projects\pytypes2\new100\dash\tests\integration\callbacks\test_multiple_callbacks.py#6:110-122>
[14609] <test_cbmt001_called_multiple_times_and_out_of_order> <D:\projects\pytypes2\new100\dash\tests\integration\callbacks\test_multiple_callbacks.py#9:153-204>
[15638] <test_clientside> <D:\projects\pytypes2\new100\dash\tests\integration\clientside\test_clientside.py#1:0-0>
[14741] <multiprocessing> <D:\projects\pytypes2\new100\dash\tests\integration\clientside\test_clientside.py#2:30-45>
[14753] <dash> <D:\projects\pytypes2\new100\dash\tests\integration\clientside\test_clientside.py#6:140-144>
[14757] <dash> <D:\projects\pytypes2\new100\dash\tests\integration\clientside\test_clientside.py#7:163-167>
[14758] <dependencies> <D:\projects\pytypes2\new100\dash\tests\integration\clientside\test_clientside.py#7:168-180>
[14766] <test_clsd001_simple_clientside_serverside_callback> <D:\projects\pytypes2\new100\dash\tests\integration\clientside\test_clientside.py#10:231-281>
[14878] <test_clsd002_chained_serverside_clientside_callbacks> <D:\projects\pytypes2\new100\dash\tests\integration\clientside\test_clientside.py#49:1420-1472>
[15219] <test_clsd003_clientside_exceptions_halt_subsequent_updates> <D:\projects\pytypes2\new100\dash\tests\integration\clientside\test_clientside.py#150:4571-4629>
[15395] <test_clsd004_clientside_multiple_outputs> <D:\projects\pytypes2\new100\dash\tests\integration\clientside\test_clientside.py#195:6099-6139>
[15550] <test_clsd005_clientside_fails_when_returning_a_promise> <D:\projects\pytypes2\new100\dash\tests\integration\clientside\test_clientside.py#242:7391-7445>
[15922] <test_dash_assets> <D:\projects\pytypes2\new100\dash\tests\integration\dash_assets\test_dash_assets.py#1:0-0>
[15656] <dash> <D:\projects\pytypes2\new100\dash\tests\integration\dash_assets\test_dash_assets.py#8:126-130>
[15660] <test_dada001_assets> <D:\projects\pytypes2\new100\dash\tests\integration\dash_assets\test_dash_assets.py#11:152-171>
[15767] <test_dada002_external_files_init> <D:\projects\pytypes2\new100\dash\tests\integration\dash_assets\test_dash_assets.py#65:1541-1573>
[16790] <test_devtools_error_handling> <D:\projects\pytypes2\new100\dash\tests\integration\devtools\test_devtools_error_handling.py#1:0-0>
[15954] <dash> <D:\projects\pytypes2\new100\dash\tests\integration\devtools\test_devtools_error_handling.py#4:105-109>
[15957] <dash> <D:\projects\pytypes2\new100\dash\tests\integration\devtools\test_devtools_error_handling.py#5:116-120>
[15958] <dependencies> <D:\projects\pytypes2\new100\dash\tests\integration\devtools\test_devtools_error_handling.py#5:121-133>
[15964] <dash> <D:\projects\pytypes2\new100\dash\tests\integration\devtools\test_devtools_error_handling.py#6:161-165>
[15965] <exceptions> <D:\projects\pytypes2\new100\dash\tests\integration\devtools\test_devtools_error_handling.py#6:166-176>
[15969] <app_with_errors> <D:\projects\pytypes2\new100\dash\tests\integration\devtools\test_devtools_error_handling.py#9:207-222>
[16032] <get_error_html> <D:\projects\pytypes2\new100\dash\tests\integration\devtools\test_devtools_error_handling.py#32:764-778>
[16049] <test_dveh001_python_errors> <D:\projects\pytypes2\new100\dash\tests\integration\devtools\test_devtools_error_handling.py#39:1016-1042>
[16216] <test_dveh006_long_python_errors> <D:\projects\pytypes2\new100\dash\tests\integration\devtools\test_devtools_error_handling.py#86:2783-2814>
[16328] <test_dveh002_prevent_update_not_in_error_msg> <D:\projects\pytypes2\new100\dash\tests\integration\devtools\test_devtools_error_handling.py#121:3925-3969>
[16441] <test_dveh003_validation_errors_in_place> <D:\projects\pytypes2\new100\dash\tests\integration\devtools\test_devtools_error_handling.py#164:5255-5294>
[16551] <test_dveh004_validation_errors_creation> <D:\projects\pytypes2\new100\dash\tests\integration\devtools\test_devtools_error_handling.py#196:6267-6306>
[16668] <test_dveh005_multiple_outputs> <D:\projects\pytypes2\new100\dash\tests\integration\devtools\test_devtools_error_handling.py#230:7358-7387>
[16979] <test_devtools_ui> <D:\projects\pytypes2\new100\dash\tests\integration\devtools\test_devtools_ui.py#1:0-0>
[16799] <dash> <D:\projects\pytypes2\new100\dash\tests\integration\devtools\test_devtools_ui.py#3:80-84>
[16802] <dash> <D:\projects\pytypes2\new100\dash\tests\integration\devtools\test_devtools_ui.py#4:93-97>
[16805] <wait> <D:\projects\pytypes2\new100\dash\tests\integration\devtools\test_devtools_ui.py#4:106-110>
[16808] <test_dvui001_disable_props_check_config> <D:\projects\pytypes2\new100\dash\tests\integration\devtools\test_devtools_ui.py#7:128-167>
[16887] <test_dvui002_disable_ui_config> <D:\projects\pytypes2\new100\dash\tests\integration\devtools\test_devtools_ui.py#39:1004-1034>
[17121] <test_hot_reload> <D:\projects\pytypes2\new100\dash\tests\integration\devtools\test_hot_reload.py#1:0-0>
[16990] <dash> <D:\projects\pytypes2\new100\dash\tests\integration\devtools\test_hot_reload.py#4:72-76>
[16993] <test_dvhr001_hot_reload> <D:\projects\pytypes2\new100\dash\tests\integration\devtools\test_hot_reload.py#7:86-109>
[18654] <IntegrationTests> <D:\projects\pytypes2\new100\dash\tests\integration\IntegrationTests.py#1:0-0>
[18827] <unittest> <D:\software\python\Lib\unittest\__init__.py#1:0-0>
[18660] <__all__> <D:\software\python\Lib\unittest\__init__.py#47:1795-1802>
[18694] <__unittest> <D:\software\python\Lib\unittest\__init__.py#58:2433-2443>
[18765] <_TextTestResult> <D:\software\python\Lib\unittest\__init__.py#73:3082-3097>
[18768] <load_tests> <D:\software\python\Lib\unittest\__init__.py#79:3309-3319>
[18796] <__dir__> <D:\software\python\Lib\unittest\__init__.py#90:3679-3686>
[18808] <__getattr__> <D:\software\python\Lib\unittest\__init__.py#93:3756-3767>
[18102] <unittest> <D:\projects\pytypes2\new100\dash\tests\integration\IntegrationTests.py#4:43-51>
[18105] <multiprocessing> <D:\projects\pytypes2\new100\dash\tests\integration\IntegrationTests.py#5:60-75>
[18150] <TIMEOUT> <D:\projects\pytypes2\new100\dash\tests\integration\IntegrationTests.py#15:430-437>
[18153] <SeleniumDriverTimeout> <D:\projects\pytypes2\new100\dash\tests\integration\IntegrationTests.py#18:453-474>
[18158] <IntegrationTests> <D:\projects\pytypes2\new100\dash\tests\integration\IntegrationTests.py#22:508-524>
[18162] <last_timestamp> <D:\projects\pytypes2\new100\dash\tests\integration\IntegrationTests.py#24:552-566>
[18165] <setUpClass> <D:\projects\pytypes2\new100\dash\tests\integration\IntegrationTests.py#27:600-610>
[18259] <tearDownClass> <D:\projects\pytypes2\new100\dash\tests\integration\IntegrationTests.py#52:1437-1450>
[18285] <setUp> <D:\projects\pytypes2\new100\dash\tests\integration\IntegrationTests.py#57:1592-1597>
[18293] <tearDown> <D:\projects\pytypes2\new100\dash\tests\integration\IntegrationTests.py#60:1652-1660>
[18333] <startServer> <D:\projects\pytypes2\new100\dash\tests\integration\IntegrationTests.py#71:1919-1930>
[18424] <percy_snapshot> <D:\projects\pytypes2\new100\dash\tests\integration\IntegrationTests.py#93:2633-2647>
[18460] <wait_for_element_by_css_selector> <D:\projects\pytypes2\new100\dash\tests\integration\IntegrationTests.py#101:2900-2932>
[18491] <wait_for_text_to_equal> <D:\projects\pytypes2\new100\dash\tests\integration\IntegrationTests.py#107:3196-3218>
[18542] <clear_log> <D:\projects\pytypes2\new100\dash\tests\integration\IntegrationTests.py#120:3727-3736>
[18568] <get_log> <D:\projects\pytypes2\new100\dash\tests\integration\IntegrationTests.py#125:3886-3893>
[18594] <wait_until_get_log> <D:\projects\pytypes2\new100\dash\tests\integration\IntegrationTests.py#133:4101-4119>
[18641] <is_console_clean> <D:\projects\pytypes2\new100\dash\tests\integration\IntegrationTests.py#147:4489-4505>
[21147] <test_dependencies> <D:\projects\pytypes2\new100\dash\tests\integration\renderer\test_dependencies.py#1:0-0>
[20947] <multiprocessing> <D:\projects\pytypes2\new100\dash\tests\integration\renderer\test_dependencies.py#1:5-20>
[20959] <dash> <D:\projects\pytypes2\new100\dash\tests\integration\renderer\test_dependencies.py#5:117-121>
[20962] <dash> <D:\projects\pytypes2\new100\dash\tests\integration\renderer\test_dependencies.py#6:128-132>
[20963] <dependencies> <D:\projects\pytypes2\new100\dash\tests\integration\renderer\test_dependencies.py#6:133-145>
[20969] <test_rddp001_dependencies_on_components_that_dont_exist> <D:\projects\pytypes2\new100\dash\tests\integration\renderer\test_dependencies.py#9:176-231>
[21493] <test_due_diligence> <D:\projects\pytypes2\new100\dash\tests\integration\renderer\test_due_diligence.py#1:0-0>
[21171] <dash> <D:\projects\pytypes2\new100\dash\tests\integration\renderer\test_due_diligence.py#10:150-154>
[21174] <test_rddd001_initial_state> <D:\projects\pytypes2\new100\dash\tests\integration\renderer\test_due_diligence.py#13:164-190>
[22855] <test_persistence> <D:\projects\pytypes2\new100\dash\tests\integration\renderer\test_persistence.py#1:0-0>
[21495] <multiprocessing> <D:\projects\pytypes2\new100\dash\tests\integration\renderer\test_persistence.py#1:5-20>
[21499] <dash> <D:\projects\pytypes2\new100\dash\tests\integration\renderer\test_persistence.py#3:44-48>
[21502] <dash> <D:\projects\pytypes2\new100\dash\tests\integration\renderer\test_persistence.py#4:55-59>
[21503] <dependencies> <D:\projects\pytypes2\new100\dash\tests\integration\renderer\test_persistence.py#4:60-72>
[21517] <table_columns> <D:\projects\pytypes2\new100\dash\tests\integration\renderer\test_persistence.py#10:167-180>
[21547] <simple_table> <D:\projects\pytypes2\new100\dash\tests\integration\renderer\test_persistence.py#20:387-399>
[21592] <reloadable_app> <D:\projects\pytypes2\new100\dash\tests\integration\renderer\test_persistence.py#31:682-696>
[21671] <NEW_NAME> <D:\projects\pytypes2\new100\dash\tests\integration\renderer\test_persistence.py#54:1352-1360>
[21674] <rename_and_hide> <D:\projects\pytypes2\new100\dash\tests\integration\renderer\test_persistence.py#57:1380-1395>
[21730] <check_table_names> <D:\projects\pytypes2\new100\dash\tests\integration\renderer\test_persistence.py#69:1776-1793>
[21795] <test_rdps001_local_reload> <D:\projects\pytypes2\new100\dash\tests\integration\renderer\test_persistence.py#84:2280-2305>
[22000] <test_rdps002_session_reload> <D:\projects\pytypes2\new100\dash\tests\integration\renderer\test_persistence.py#130:4045-4072>
[22055] <test_rdps003_memory_reload> <D:\projects\pytypes2\new100\dash\tests\integration\renderer\test_persistence.py#143:4550-4576>
[22100] <test_rdps004_show_hide> <D:\projects\pytypes2\new100\dash\tests\integration\renderer\test_persistence.py#155:4944-4966>
[22246] <test_rdps005_persisted_props> <D:\projects\pytypes2\new100\dash\tests\integration\renderer\test_persistence.py#197:6197-6225>
[22354] <test_rdps006_move_on_page> <D:\projects\pytypes2\new100\dash\tests\integration\renderer\test_persistence.py#228:7148-7173>
[22527] <test_rdps007_one_prop_changed> <D:\projects\pytypes2\new100\dash\tests\integration\renderer\test_persistence.py#265:8287-8316>
[22631] <test_rdps008_unsaved_part_changed> <D:\projects\pytypes2\new100\dash\tests\integration\renderer\test_persistence.py#294:9169-9202>
[22772] <test_rdps009_clear_prop_callback> <D:\projects\pytypes2\new100\dash\tests\integration\renderer\test_persistence.py#330:10377-10409>
[23301] <test_state_and_input> <D:\projects\pytypes2\new100\dash\tests\integration\renderer\test_state_and_input.py#1:0-0>
[22856] <multiprocessing> <D:\projects\pytypes2\new100\dash\tests\integration\renderer\test_state_and_input.py#1:5-20>
[22871] <dash> <D:\projects\pytypes2\new100\dash\tests\integration\renderer\test_state_and_input.py#5:128-132>
[22874] <dash> <D:\projects\pytypes2\new100\dash\tests\integration\renderer\test_state_and_input.py#6:139-143>
[22875] <dependencies> <D:\projects\pytypes2\new100\dash\tests\integration\renderer\test_state_and_input.py#6:144-156>
[22883] <dash> <D:\projects\pytypes2\new100\dash\tests\integration\renderer\test_state_and_input.py#7:193-197>
[22886] <wait> <D:\projects\pytypes2\new100\dash\tests\integration\renderer\test_state_and_input.py#7:206-210>
[22889] <test_rdsi001_state_and_inputs> <D:\projects\pytypes2\new100\dash\tests\integration\renderer\test_state_and_input.py#10:228-257>
[23076] <test_rdsi002_event_properties_state_and_inputs> <D:\projects\pytypes2\new100\dash\tests\integration\renderer\test_state_and_input.py#60:1867-1913>
[24199] <test_race_conditions> <D:\projects\pytypes2\new100\dash\tests\integration\test_race_conditions.py#1:0-0>
[23953] <dash> <D:\projects\pytypes2\new100\dash\tests\integration\test_race_conditions.py#7:125-129>
[23957] <dash> <D:\projects\pytypes2\new100\dash\tests\integration\test_race_conditions.py#8:148-152>
[23958] <dependencies> <D:\projects\pytypes2\new100\dash\tests\integration\test_race_conditions.py#8:153-165>
[23964] <IntegrationTests> <D:\projects\pytypes2\new100\dash\tests\integration\test_race_conditions.py#10:196-212>
[24327] <utils> <D:\projects\pytypes2\new100\dash\tests\integration\utils.py#1:0-0>
[24205] <TIMEOUT> <D:\projects\pytypes2\new100\dash\tests\integration\utils.py#4:17-24>
[24208] <invincible> <D:\projects\pytypes2\new100\dash\tests\integration\utils.py#7:49-59>
[24225] <WaitForTimeout> <D:\projects\pytypes2\new100\dash\tests\integration\utils.py#16:188-202>
[24231] <wait_for> <D:\projects\pytypes2\new100\dash\tests\integration\utils.py#20:294-302>
[23968] <utils> <D:\projects\pytypes2\new100\dash\tests\integration\test_race_conditions.py#11:244-249>
[23972] <Tests> <D:\projects\pytypes2\new100\dash\tests\integration\test_race_conditions.py#14:277-282>
[23974] <setUp> <D:\projects\pytypes2\new100\dash\tests\integration\test_race_conditions.py#15:311-316>
[23981] <DELAY_TIME> <D:\projects\pytypes2\new100\dash\tests\integration\test_race_conditions.py#19:343-353>
[23984] <create_race_conditions_test> <D:\projects\pytypes2\new100\dash\tests\integration\test_race_conditions.py#22:369-396>
[24155] <routes> <D:\projects\pytypes2\new100\dash\tests\integration\test_race_conditions.py#69:1747-1753>
[24162] <route_list> <D:\projects\pytypes2\new100\dash\tests\integration\test_race_conditions.py#78:1941-1951>
[24185] <r> <D:\projects\pytypes2\new100\dash\tests\integration\test_race_conditions.py#83:2130-2131>
[23985] <endpoints> <D:\projects\pytypes2\new100\dash\tests\integration\test_race_conditions.py#22:397-400>
[23986] <test> <D:\projects\pytypes2\new100\dash\tests\integration\test_race_conditions.py#23:418-422>
[24590] <integration> <D:\projects\pytypes2\new100\dash\tests\integration\__init__.py#-1:0-0>
[24643] <test_dash_import> <D:\projects\pytypes2\new100\dash\tests\unit\dash\test_dash_import.py#1:0-0>
[24597] <test_dddi001_dash_import_is_correct> <D:\projects\pytypes2\new100\dash\tests\unit\dash\test_dash_import.py#5:40-75>
[25166] <conftest> <D:\projects\pytypes2\new100\dash\tests\unit\development\conftest.py#1:0-0>
[25125] <load_test_metadata_json> <D:\projects\pytypes2\new100\dash\tests\unit\development\conftest.py#11:125-148>
[26682] <metadata_test> <D:\projects\pytypes2\new100\dash\tests\unit\development\metadata_test.py#1:0-0>
[26453] <dash> <D:\projects\pytypes2\new100\dash\tests\unit\development\metadata_test.py#3:44-48>
[26454] <development> <D:\projects\pytypes2\new100\dash\tests\unit\development\metadata_test.py#3:49-60>
[26461] <Table> <D:\projects\pytypes2\new100\dash\tests\unit\development\metadata_test.py#6:123-128>
[26465] <__init__> <D:\projects\pytypes2\new100\dash\tests\unit\development\metadata_test.py#48:2395-2403>
[28117] <test_component_loader> <D:\projects\pytypes2\new100\dash\tests\unit\development\test_component_loader.py#1:0-0>
[27803] <dash> <D:\projects\pytypes2\new100\dash\tests\unit\development\test_component_loader.py#8:83-87>
[27804] <development> <D:\projects\pytypes2\new100\dash\tests\unit\development\test_component_loader.py#8:88-99>
[27809] <dash> <D:\projects\pytypes2\new100\dash\tests\unit\development\test_component_loader.py#9:154-158>
[27810] <development> <D:\projects\pytypes2\new100\dash\tests\unit\development\test_component_loader.py#9:159-170>
[27815] <dash> <D:\projects\pytypes2\new100\dash\tests\unit\development\test_component_loader.py#10:209-213>
[27816] <development> <D:\projects\pytypes2\new100\dash\tests\unit\development\test_component_loader.py#10:214-225>
[27817] <component_loader> <D:\projects\pytypes2\new100\dash\tests\unit\development\test_component_loader.py#10:226-242>
[27823] <METADATA_PATH> <D:\projects\pytypes2\new100\dash\tests\unit\development\test_component_loader.py#12:287-300>
[27826] <METADATA_STRING> <D:\projects\pytypes2\new100\dash\tests\unit\development\test_component_loader.py#14:322-337>
[27829] <METADATA> <D:\projects\pytypes2\new100\dash\tests\unit\development\test_component_loader.py#100:2817-2825>
[27843] <write_metada_file> <D:\projects\pytypes2\new100\dash\tests\unit\development\test_component_loader.py#106:2946-2963>
[27868] <make_namespace> <D:\projects\pytypes2\new100\dash\tests\unit\development\test_component_loader.py#114:3109-3123>
[27901] <test_loadcomponents> <D:\projects\pytypes2\new100\dash\tests\unit\development\test_component_loader.py#123:3356-3375>
[28004] <test_loadcomponents_from_generated_class> <D:\projects\pytypes2\new100\dash\tests\unit\development\test_component_loader.py#159:4356-4396>
[28377] <test_flow_metadata_conversions> <D:\projects\pytypes2\new100\dash\tests\unit\development\test_flow_metadata_conversions.py#1:0-0>
[28137] <dash> <D:\projects\pytypes2\new100\dash\tests\unit\development\test_flow_metadata_conversions.py#8:119-123>
[28138] <development> <D:\projects\pytypes2\new100\dash\tests\unit\development\test_flow_metadata_conversions.py#8:124-135>
[28147] <_dir> <D:\projects\pytypes2\new100\dash\tests\unit\development\test_flow_metadata_conversions.py#14:242-246>
[28162] <expected_arg_strings> <D:\projects\pytypes2\new100\dash\tests\unit\development\test_flow_metadata_conversions.py#16:295-315>
[28230] <expected_doc> <D:\projects\pytypes2\new100\dash\tests\unit\development\test_flow_metadata_conversions.py#68:2975-2987>
[28271] <load_test_flow_metadata_json> <D:\projects\pytypes2\new100\dash\tests\unit\development\test_flow_metadata_conversions.py#118:5604-5632>
[28311] <test_docstring> <D:\projects\pytypes2\new100\dash\tests\unit\development\test_flow_metadata_conversions.py#126:5879-5893>
[28344] <test_docgen_to_python_args> <D:\projects\pytypes2\new100\dash\tests\unit\development\test_flow_metadata_conversions.py#136:6239-6265>
[29241] <test_generate_class> <D:\projects\pytypes2\new100\dash\tests\unit\development\test_generate_class.py#1:0-0>
[28753] <dash> <D:\projects\pytypes2\new100\dash\tests\unit\development\test_generate_class.py#8:119-123>
[28754] <development> <D:\projects\pytypes2\new100\dash\tests\unit\development\test_generate_class.py#8:124-135>
[28759] <dash> <D:\projects\pytypes2\new100\dash\tests\unit\development\test_generate_class.py#9:190-194>
[28760] <development> <D:\projects\pytypes2\new100\dash\tests\unit\development\test_generate_class.py#9:195-206>
[28770] <component_class> <D:\projects\pytypes2\new100\dash\tests\unit\development\test_generate_class.py#14:325-340>
[28789] <component_written_class> <D:\projects\pytypes2\new100\dash\tests\unit\development\test_generate_class.py#24:603-626>
[28842] <test_to_plotly_json> <D:\projects\pytypes2\new100\dash\tests\unit\development\test_generate_class.py#40:1093-1112>
[28910] <test_arguments_become_attributes> <D:\projects\pytypes2\new100\dash\tests\unit\development\test_generate_class.py#63:1762-1794>
[28951] <test_repr_single_default_argument> <D:\projects\pytypes2\new100\dash\tests\unit\development\test_generate_class.py#70:2054-2087>
[28978] <test_repr_single_non_default_argument> <D:\projects\pytypes2\new100\dash\tests\unit\development\test_generate_class.py#77:2308-2345>
[28994] <test_repr_multiple_arguments> <D:\projects\pytypes2\new100\dash\tests\unit\development\test_generate_class.py#82:2453-2481>
[29015] <test_repr_nested_arguments> <D:\projects\pytypes2\new100\dash\tests\unit\development\test_generate_class.py#89:2774-2800>
[29045] <test_repr_with_wildcards> <D:\projects\pytypes2\new100\dash\tests\unit\development\test_generate_class.py#96:3019-3043>
[29080] <test_docstring> <D:\projects\pytypes2\new100\dash\tests\unit\development\test_generate_class.py#105:3374-3388>
[29097] <test_no_events> <D:\projects\pytypes2\new100\dash\tests\unit\development\test_generate_class.py#111:3535-3549>
[29107] <test_required_props> <D:\projects\pytypes2\new100\dash\tests\unit\development\test_generate_class.py#115:3638-3657>
[29155] <test_attrs_match_forbidden_props> <D:\projects\pytypes2\new100\dash\tests\unit\development\test_generate_class.py#125:3985-4017>
[29434] <test_generate_class_file> <D:\projects\pytypes2\new100\dash\tests\unit\development\test_generate_class_file.py#1:0-0>
[29257] <dash> <D:\projects\pytypes2\new100\dash\tests\unit\development\test_generate_class_file.py#8:118-122>
[29258] <development> <D:\projects\pytypes2\new100\dash\tests\unit\development\test_generate_class_file.py#8:123-134>
[29270] <import_string> <D:\projects\pytypes2\new100\dash\tests\unit\development\test_generate_class_file.py#15:326-339>
[29277] <make_component_dir> <D:\projects\pytypes2\new100\dash\tests\unit\development\test_generate_class_file.py#23:518-536>
[29296] <expected_class_string> <D:\projects\pytypes2\new100\dash\tests\unit\development\test_generate_class_file.py#33:752-773>
[29322] <component_class_string> <D:\projects\pytypes2\new100\dash\tests\unit\development\test_generate_class_file.py#41:1018-1040>
[29343] <written_class_string> <D:\projects\pytypes2\new100\dash\tests\unit\development\test_generate_class_file.py#51:1311-1331>
[29385] <test_class_string> <D:\projects\pytypes2\new100\dash\tests\unit\development\test_generate_class_file.py#64:1735-1752>
[29409] <test_class_file> <D:\projects\pytypes2\new100\dash\tests\unit\development\test_generate_class_file.py#74:2019-2034>
[29622] <test_metadata_conversions> <D:\projects\pytypes2\new100\dash\tests\unit\development\test_metadata_conversions.py#1:0-0>
[29444] <dash> <D:\projects\pytypes2\new100\dash\tests\unit\development\test_metadata_conversions.py#4:78-82>
[29445] <development> <D:\projects\pytypes2\new100\dash\tests\unit\development\test_metadata_conversions.py#4:83-94>
[29457] <expected_arg_strings> <D:\projects\pytypes2\new100\dash\tests\unit\development\test_metadata_conversions.py#11:245-265>
[29558] <test_docstring> <D:\projects\pytypes2\new100\dash\tests\unit\development\test_metadata_conversions.py#71:3023-3037>
[29591] <test_docgen_to_python_args> <D:\projects\pytypes2\new100\dash\tests\unit\development\test_metadata_conversions.py#81:3370-3396>
[29771] <test_r_component_gen> <D:\projects\pytypes2\new100\dash\tests\unit\development\test_r_component_gen.py#1:0-0>
[29640] <dash> <D:\projects\pytypes2\new100\dash\tests\unit\development\test_r_component_gen.py#8:90-94>
[29641] <development> <D:\projects\pytypes2\new100\dash\tests\unit\development\test_r_component_gen.py#8:95-106>
[29646] <make_r_dir> <D:\projects\pytypes2\new100\dash\tests\unit\development\test_r_component_gen.py#14:198-208>
[29663] <test_r_exports> <D:\projects\pytypes2\new100\dash\tests\unit\development\test_r_component_gen.py#22:282-296>
[29855] <development> <D:\projects\pytypes2\new100\dash\tests\unit\development\__init__.py#1:0-0>
[29776] <_dir> <D:\projects\pytypes2\new100\dash\tests\unit\development\__init__.py#3:13-17>
[29791] <has_trailing_space> <D:\projects\pytypes2\new100\dash\tests\unit\development\__init__.py#6:72-90>
[29811] <expected_table_component_doc> <D:\projects\pytypes2\new100\dash\tests\unit\development\__init__.py#10:166-194>
[29973] <test_app_runners> <D:\projects\pytypes2\new100\dash\tests\unit\test_app_runners.py#1:0-0>
[29870] <dash> <D:\projects\pytypes2\new100\dash\tests\unit\test_app_runners.py#6:90-94>
[29873] <test_threaded_server_smoke> <D:\projects\pytypes2\new100\dash\tests\unit\test_app_runners.py#9:104-130>
[29941] <test_process_server_smoke> <D:\projects\pytypes2\new100\dash\tests\unit\test_app_runners.py#27:736-761>
[30094] <test_browser> <D:\projects\pytypes2\new100\dash\tests\unit\test_browser.py#1:0-0>
[29978] <dash> <D:\projects\pytypes2\new100\dash\tests\unit\test_browser.py#2:20-24>
[29979] <testing> <D:\projects\pytypes2\new100\dash\tests\unit\test_browser.py#2:25-32>
[29984] <dash> <D:\projects\pytypes2\new100\dash\tests\unit\test_browser.py#3:62-66>
[29985] <testing> <D:\projects\pytypes2\new100\dash\tests\unit\test_browser.py#3:67-74>
[29986] <consts> <D:\projects\pytypes2\new100\dash\tests\unit\test_browser.py#3:75-81>
[29990] <test_browser_smoke> <D:\projects\pytypes2\new100\dash\tests\unit\test_browser.py#7:185-203>
[30029] <test_browser_use_remote_webdriver> <D:\projects\pytypes2\new100\dash\tests\unit\test_browser.py#21:556-589>
[30241] <test_import> <D:\projects\pytypes2\new100\dash\tests\unit\test_import.py#1:0-0>
[30195] <test_dash_import_is_correct> <D:\projects\pytypes2\new100\dash\tests\unit\test_import.py#5:40-67>
[30518] <test_resources> <D:\projects\pytypes2\new100\dash\tests\unit\test_resources.py#1:0-0>
[30249] <dash> <D:\projects\pytypes2\new100\dash\tests\unit\test_resources.py#3:56-60>
[30252] <_monkey_patched_js_dist> <D:\projects\pytypes2\new100\dash\tests\unit\test_resources.py#5:64-87>
[30289] <StatMock> <D:\projects\pytypes2\new100\dash\tests\unit\test_resources.py#32:940-948>
[30291] <st_mtime> <D:\projects\pytypes2\new100\dash\tests\unit\test_resources.py#33:963-971>
[30296] <test_external> <D:\projects\pytypes2\new100\dash\tests\unit\test_resources.py#36:985-998>
[30369] <test_external_kwarg> <D:\projects\pytypes2\new100\dash\tests\unit\test_resources.py#59:1658-1677>
[30399] <test_internal> <D:\projects\pytypes2\new100\dash\tests\unit\test_resources.py#65:1836-1849>
[4865] <metadata_path> <D:\projects\pytypes2\new100\dash\dash\development\component_loader.py#14:259-262>
[4890] <data_file> <D:\projects\pytypes2\new100\dash\dash\development\component_loader.py#16:332-341>
[4866] <json_string> <D:\projects\pytypes2\new100\dash\dash\development\component_loader.py#17:352-363>
[4872] <data> <D:\projects\pytypes2\new100\dash\dash\development\component_loader.py#18:392-396>
[827] <self> <D:\projects\pytypes2\new100\dash\dash\dependencies.py#41:1267-1270>
[716] <self> <D:\projects\pytypes2\new100\dash\dash\dependencies.py#3:86-89>
[717] <component_id> <D:\projects\pytypes2\new100\dash\dash\dependencies.py#3:92-95>
[718] <component_property> <D:\projects\pytypes2\new100\dash\dash\dependencies.py#3:106-109>
[720] <component_id> <D:\projects\pytypes2\new100\dash\dash\dependencies.py#4:141-153>
[725] <component_property> <D:\projects\pytypes2\new100\dash\dash\dependencies.py#5:183-201>
[24209] <func> <D:\projects\pytypes2\new100\dash\tests\integration\utils.py#7:60-63>
[24210] <wrap> <D:\projects\pytypes2\new100\dash\tests\integration\utils.py#8:76-80>
[10020] <self> <D:\projects\pytypes2\new100\dash\dash\testing\wait.py#97:2729-2732>
[10021] <selector> <D:\projects\pytypes2\new100\dash\dash\testing\wait.py#97:2735-2738>
[10022] <style> <D:\projects\pytypes2\new100\dash\dash\testing\wait.py#97:2745-2748>
[10023] <val> <D:\projects\pytypes2\new100\dash\dash\testing\wait.py#97:2752-2755>
[10025] <selector> <D:\projects\pytypes2\new100\dash\dash\testing\wait.py#98:2772-2780>
[10030] <style> <D:\projects\pytypes2\new100\dash\dash\testing\wait.py#99:2806-2811>
[10035] <val> <D:\projects\pytypes2\new100\dash\dash\testing\wait.py#100:2834-2837>
[29410] <expected_class_string> <D:\projects\pytypes2\new100\dash\tests\unit\development\test_generate_class_file.py#74:2035-2038>
[29411] <written_class_string> <D:\projects\pytypes2\new100\dash\tests\unit\development\test_generate_class_file.py#74:2058-2061>
[29323] <make_component_dir> <D:\projects\pytypes2\new100\dash\tests\unit\development\test_generate_class_file.py#41:1041-1044>
[18492] <self> <D:\projects\pytypes2\new100\dash\tests\integration\IntegrationTests.py#107:3219-3222>
[18493] <selector> <D:\projects\pytypes2\new100\dash\tests\integration\IntegrationTests.py#107:3225-3228>
[18494] <assertion_text> <D:\projects\pytypes2\new100\dash\tests\integration\IntegrationTests.py#107:3235-3238>
[18495] <timeout> <D:\projects\pytypes2\new100\dash\tests\integration\IntegrationTests.py#107:3251-3254>
[18461] <self> <D:\projects\pytypes2\new100\dash\tests\integration\IntegrationTests.py#101:2933-2936>
[18462] <selector> <D:\projects\pytypes2\new100\dash\tests\integration\IntegrationTests.py#101:2939-2942>
[18463] <timeout> <D:\projects\pytypes2\new100\dash\tests\integration\IntegrationTests.py#101:2949-2952>
[18497] <el> <D:\projects\pytypes2\new100\dash\tests\integration\IntegrationTests.py#108:3278-3280>
[23987] <self> <D:\projects\pytypes2\new100\dash\tests\integration\test_race_conditions.py#23:423-426>
[23988] <app> <D:\projects\pytypes2\new100\dash\tests\integration\test_race_conditions.py#24:439-442>
[24025] <update> <D:\projects\pytypes2\new100\dash\tests\integration\test_race_conditions.py#34:777-783>
[24031] <delay> <D:\projects\pytypes2\new100\dash\tests\integration\test_race_conditions.py#37:833-838>
[24061] <element_text> <D:\projects\pytypes2\new100\dash\tests\integration\test_race_conditions.py#42:1020-1032>
[24095] <total_delay> <D:\projects\pytypes2\new100\dash\tests\integration\test_race_conditions.py#51:1254-1265>
[24098] <i> <D:\projects\pytypes2\new100\dash\tests\integration\test_race_conditions.py#52:1283-1284>
[24100] <total_delay> <D:\projects\pytypes2\new100\dash\tests\integration\test_race_conditions.py#53:1309-1320>
[24232] <condition_function> <D:\projects\pytypes2\new100\dash\tests\integration\utils.py#20:303-306>
[24233] <get_message> <D:\projects\pytypes2\new100\dash\tests\integration\utils.py#20:323-326>
[24324] <_message> <D:\projects\pytypes2\new100\dash\tests\integration\utils.py#20:326-334>
[24239] <wrapped_condition_function> <D:\projects\pytypes2\new100\dash\tests\integration\utils.py#38:1186-1212>
[24278] <timeout> <D:\projects\pytypes2\new100\dash\tests\integration\utils.py#49:1578-1585>
[24288] <timeout> <D:\projects\pytypes2\new100\dash\tests\integration\utils.py#52:1657-1664>
[24293] <start_time> <D:\projects\pytypes2\new100\dash\tests\integration\utils.py#54:1682-1692>
[24062] <id> <D:\projects\pytypes2\new100\dash\tests\integration\test_race_conditions.py#42:1033-1036>
[21675] <dash_duo> <D:\projects\pytypes2\new100\dash\tests\integration\renderer\test_persistence.py#57:1396-1399>
[21676] <rename> <D:\projects\pytypes2\new100\dash\tests\integration\renderer\test_persistence.py#57:1406-1409>
[21677] <new_name> <D:\projects\pytypes2\new100\dash\tests\integration\renderer\test_persistence.py#57:1416-1419>
[21678] <hide> <D:\projects\pytypes2\new100\dash\tests\integration\renderer\test_persistence.py#57:1435-1438>
[21695] <prompt> <D:\projects\pytypes2\new100\dash\tests\integration\renderer\test_persistence.py#61:1562-1568>
[12170] <self> <D:\software\python\Lib\abc.py#63:1728-1731>
[12171] <callable> <D:\software\python\Lib\abc.py#63:1734-1737>
[9384] <self> <D:\projects\pytypes2\new100\dash\dash\testing\dash_page.py#20:494-497>
[9352] <self> <D:\projects\pytypes2\new100\dash\dash\testing\dash_page.py#5:100-103>
[9353] <attr> <D:\projects\pytypes2\new100\dash\dash\testing\dash_page.py#5:106-109>
[9729] <wait_cond> <D:\projects\pytypes2\new100\dash\dash\testing\wait.py#13:305-308>
[9730] <timeout> <D:\projects\pytypes2\new100\dash\dash\testing\wait.py#14:321-324>
[9731] <poll> <D:\projects\pytypes2\new100\dash\dash\testing\wait.py#15:335-338>
[9732] <msg> <D:\projects\pytypes2\new100\dash\dash\testing\wait.py#16:350-353>
[9735] <res> <D:\projects\pytypes2\new100\dash\dash\testing\wait.py#18:423-426>
[9748] <end_time> <D:\projects\pytypes2\new100\dash\dash\testing\wait.py#25:593-601>
[9773] <res> <D:\projects\pytypes2\new100\dash\dash\testing\wait.py#30:761-764>
[15396] <dash_duo> <D:\projects\pytypes2\new100\dash\tests\integration\clientside\test_clientside.py#195:6140-6143>
[15397] <app> <D:\projects\pytypes2\new100\dash\tests\integration\clientside\test_clientside.py#196:6156-6159>
[811] <self> <D:\projects\pytypes2\new100\dash\dash\dependencies.py#37:1124-1127>
[812] <namespace> <D:\projects\pytypes2\new100\dash\dash\dependencies.py#37:1130-1133>
[813] <function_name> <D:\projects\pytypes2\new100\dash\dash\dependencies.py#37:1146-1149>
[815] <namespace> <D:\projects\pytypes2\new100\dash\dash\dependencies.py#38:1181-1190>
[820] <function_name> <D:\projects\pytypes2\new100\dash\dash\dependencies.py#39:1217-1230>
[15482] <selector> <D:\projects\pytypes2\new100\dash\tests\integration\clientside\test_clientside.py#221:6838-6846>
[15483] <expected> <D:\projects\pytypes2\new100\dash\tests\integration\clientside\test_clientside.py#221:6848-6856>
[15520] <selector> <D:\projects\pytypes2\new100\dash\tests\integration\clientside\test_clientside.py#232:7142-7150>
[15521] <expected> <D:\projects\pytypes2\new100\dash\tests\integration\clientside\test_clientside.py#232:7152-7160>
[12268] <cls> <D:\software\python\Lib\abc.py#121:3818-3821>
[12269] <subclass> <D:\software\python\Lib\abc.py#121:3823-3826>
[9940] <self> <D:\projects\pytypes2\new100\dash\dash\testing\wait.py#77:2074-2077>
[9941] <selector> <D:\projects\pytypes2\new100\dash\dash\testing\wait.py#77:2080-2083>
[9942] <text> <D:\projects\pytypes2\new100\dash\dash\testing\wait.py#77:2090-2093>
[9944] <selector> <D:\projects\pytypes2\new100\dash\dash\testing\wait.py#78:2111-2119>
[9949] <text> <D:\projects\pytypes2\new100\dash\dash\testing\wait.py#79:2145-2149>
[12639] <cls> <D:\software\python\Lib\_py_abc.py#72:3147-3150>
[12640] <file> <D:\software\python\Lib\_py_abc.py#72:3152-3155>
[12653] <name> <D:\software\python\Lib\_py_abc.py#76:3369-3373>
[12662] <value> <D:\software\python\Lib\_py_abc.py#78:3450-3455>
[12672] <value> <D:\software\python\Lib\_py_abc.py#80:3546-3551>
[21731] <dash_duo> <D:\projects\pytypes2\new100\dash\tests\integration\renderer\test_persistence.py#69:1794-1797>
[21732] <names> <D:\projects\pytypes2\new100\dash\tests\integration\renderer\test_persistence.py#69:1804-1807>
[21733] <table_id> <D:\projects\pytypes2\new100\dash\tests\integration\renderer\test_persistence.py#69:1811-1814>
[21748] <headers> <D:\projects\pytypes2\new100\dash\tests\integration\renderer\test_persistence.py#74:1961-1968>
[21767] <i> <D:\projects\pytypes2\new100\dash\tests\integration\renderer\test_persistence.py#77:2088-2089>
[21768] <n> <D:\projects\pytypes2\new100\dash\tests\integration\renderer\test_persistence.py#77:2091-2092>
[21773] <name_el> <D:\projects\pytypes2\new100\dash\tests\integration\renderer\test_persistence.py#78:2123-2130>
[22056] <dash_duo> <D:\projects\pytypes2\new100\dash\tests\integration\renderer\test_persistence.py#143:4577-4580>
[21593] <app> <D:\projects\pytypes2\new100\dash\tests\integration\renderer\test_persistence.py#32:721-724>
[21608] <layout> <D:\projects\pytypes2\new100\dash\tests\integration\renderer\test_persistence.py#35:795-801>
[21638] <report_props> <D:\projects\pytypes2\new100\dash\tests\integration\renderer\test_persistence.py#46:1126-1138>
[22057] <app> <D:\projects\pytypes2\new100\dash\tests\integration\renderer\test_persistence.py#144:4593-4596>
[732] <self> <D:\projects\pytypes2\new100\dash\dash\dependencies.py#7:242-245>
[747] <self> <D:\projects\pytypes2\new100\dash\dash\dependencies.py#13:381-384>
[1276] <self> <D:\projects\pytypes2\new100\dash\dash\development\build_process.py#22:452-455>
[1277] <main> <D:\projects\pytypes2\new100\dash\dash\development\build_process.py#22:458-461>
[1278] <deps_info> <D:\projects\pytypes2\new100\dash\dash\development\build_process.py#22:464-467>
[1280] <logger> <D:\projects\pytypes2\new100\dash\dash\development\build_process.py#23:490-496>
[1285] <main> <D:\projects\pytypes2\new100\dash\dash\development\build_process.py#24:520-524>
[1290] <deps_info> <D:\projects\pytypes2\new100\dash\dash\development\build_process.py#25:546-555>
[1435] <paths> <D:\projects\pytypes2\new100\dash\dash\development\build_process.py#43:1295-1300>
[1426] <path> <D:\projects\pytypes2\new100\dash\dash\development\build_process.py#45:1377-1381>
[1295] <npm_modules> <D:\projects\pytypes2\new100\dash\dash\development\build_process.py#26:582-593>
[1307] <package_lock> <D:\projects\pytypes2\new100\dash\dash\development\build_process.py#27:650-662>
[1319] <package> <D:\projects\pytypes2\new100\dash\dash\development\build_process.py#28:724-731>
[1353] <self> <D:\projects\pytypes2\new100\dash\dash\development\build_process.py#32:914-917>
[1354] <path> <D:\projects\pytypes2\new100\dash\dash\development\build_process.py#32:920-923>
[1407] <fp> <D:\projects\pytypes2\new100\dash\dash\development\build_process.py#33:960-962>
[1355] <package> <D:\projects\pytypes2\new100\dash\dash\development\build_process.py#34:977-984>
[1363] <version> <D:\projects\pytypes2\new100\dash\dash\development\build_process.py#35:1019-1026>
[1370] <name> <D:\projects\pytypes2\new100\dash\dash\development\build_process.py#36:1066-1070>
[1377] <build_folder> <D:\projects\pytypes2\new100\dash\dash\development\build_process.py#37:1107-1119>
[1396] <deps> <D:\projects\pytypes2\new100\dash\dash\development\build_process.py#40:1225-1229>
[1340] <asset_paths> <D:\projects\pytypes2\new100\dash\dash\development\build_process.py#30:836-847>
[9446] <self> <D:\projects\pytypes2\new100\dash\dash\testing\dash_page.py#46:1254-1257>
[9447] <session_id> <D:\projects\pytypes2\new100\dash\dash\testing\dash_page.py#46:1260-1263>
[16809] <dash_duo> <D:\projects\pytypes2\new100\dash\tests\integration\devtools\test_devtools_ui.py#7:168-171>
[16810] <app> <D:\projects\pytypes2\new100\dash\tests\integration\devtools\test_devtools_ui.py#8:184-187>
[7182] <self> <D:\projects\pytypes2\new100\dash\dash\resources.py#91:3350-3353>
[7183] <serve_locally> <D:\projects\pytypes2\new100\dash\dash\resources.py#91:3356-3359>
[6895] <self> <D:\projects\pytypes2\new100\dash\dash\resources.py#10:167-170>
[6896] <resource_name> <D:\projects\pytypes2\new100\dash\dash\resources.py#10:173-176>
[6898] <_resources> <D:\projects\pytypes2\new100\dash\dash\resources.py#11:203-213>
[6903] <resource_name> <D:\projects\pytypes2\new100\dash\dash\resources.py#12:233-246>
[7185] <_resources> <D:\projects\pytypes2\new100\dash\dash\resources.py#92:3386-3396>
[7116] <self> <D:\projects\pytypes2\new100\dash\dash\resources.py#74:2893-2896>
[7117] <serve_locally> <D:\projects\pytypes2\new100\dash\dash\resources.py#74:2899-2902>
[7119] <serve_locally> <D:\projects\pytypes2\new100\dash\dash\resources.py#75:2929-2942>
[7197] <config> <D:\projects\pytypes2\new100\dash\dash\resources.py#93:3460-3466>
[7194] <config> <D:\projects\pytypes2\new100\dash\dash\resources.py#93:3446-3452>
[9378] <self> <D:\projects\pytypes2\new100\dash\dash\testing\dash_page.py#16:405-408>
[1711] <self> <D:\projects\pytypes2\new100\dash\dash\development\build_process.py#111:3524-3527>
[1712] <build> <D:\projects\pytypes2\new100\dash\dash\development\build_process.py#111:3530-3533>
[1768] <versions> <D:\projects\pytypes2\new100\dash\dash\development\build_process.py#125:3966-3974>
[1789] <name> <D:\projects\pytypes2\new100\dash\dash\development\build_process.py#129:4112-4116>
[1790] <subfolder> <D:\projects\pytypes2\new100\dash\dash\development\build_process.py#129:4118-4127>
[1791] <filename> <D:\projects\pytypes2\new100\dash\dash\development\build_process.py#129:4129-4137>
[1792] <target> <D:\projects\pytypes2\new100\dash\dash\development\build_process.py#129:4139-4145>
[1797] <version> <D:\projects\pytypes2\new100\dash\dash\development\build_process.py#130:4178-4185>
[1828] <ext> <D:\projects\pytypes2\new100\dash\dash\development\build_process.py#134:4366-4369>
[1840] <target> <D:\projects\pytypes2\new100\dash\dash\development\build_process.py#135:4436-4442>
[1881] <_script> <D:\projects\pytypes2\new100\dash\dash\development\build_process.py#145:4779-4786>
[1939] <fp> <D:\projects\pytypes2\new100\dash\dash\development\build_process.py#151:5124-5126>
[1918] <t> <D:\projects\pytypes2\new100\dash\dash\development\build_process.py#152:5141-5142>
[1964] <fp> <D:\projects\pytypes2\new100\dash\dash\development\build_process.py#154:5249-5251>
[12144] <self> <D:\software\python\Lib\abc.py#43:1242-1245>
[12145] <callable> <D:\software\python\Lib\abc.py#43:1248-1251>
[9860] <self> <D:\projects\pytypes2\new100\dash\dash\testing\wait.py#58:1439-1442>
[9861] <selector> <D:\projects\pytypes2\new100\dash\dash\testing\wait.py#58:1445-1448>
[9862] <text> <D:\projects\pytypes2\new100\dash\dash\testing\wait.py#58:1455-1458>
[9864] <selector> <D:\projects\pytypes2\new100\dash\dash\testing\wait.py#59:1476-1484>
[9869] <text> <D:\projects\pytypes2\new100\dash\dash\testing\wait.py#60:1510-1514>
[29278] <load_test_metadata_json> <D:\projects\pytypes2\new100\dash\tests\unit\development\test_generate_class_file.py#23:537-540>
[12724] <cls> <D:\software\python\Lib\_py_abc.py#92:3952-3955>
[12725] <instance> <D:\software\python\Lib\_py_abc.py#92:3957-3960>
[12728] <subclass> <D:\software\python\Lib\_py_abc.py#95:4069-4077>
[12742] <subtype> <D:\software\python\Lib\_py_abc.py#98:4173-4180>
[12792] <cls> <D:\software\python\Lib\_py_abc.py#108:4627-4630>
[12793] <subclass> <D:\software\python\Lib\_py_abc.py#108:4632-4635>
[12821] <_abc_negative_cache> <D:\software\python\Lib\_py_abc.py#118:5096-5115>
[12827] <_abc_negative_cache_version> <D:\software\python\Lib\_py_abc.py#119:5145-5172>
[12845] <ok> <D:\software\python\Lib\_py_abc.py#123:5330-5332>
[12903] <rcls> <D:\software\python\Lib\_py_abc.py#136:5854-5858>
[12925] <scls> <D:\software\python\Lib\_py_abc.py#141:6075-6079>
[12781] <c> <D:\software\python\Lib\_py_abc.py#106:4572-4573>
[15661] <dash_duo> <D:\projects\pytypes2\new100\dash\tests\integration\dash_assets\test_dash_assets.py#11:172-175>
[15662] <app> <D:\projects\pytypes2\new100\dash\tests\integration\dash_assets\test_dash_assets.py#12:188-191>
[15730] <tested> <D:\projects\pytypes2\new100\dash\tests\integration\dash_assets\test_dash_assets.py#48:1125-1131>
[15743] <order> <D:\projects\pytypes2\new100\dash\tests\integration\dash_assets\test_dash_assets.py#50:1195-1200>
[1548] <self> <D:\projects\pytypes2\new100\dash\dash\development\build_process.py#75:2357-2360>
[29081] <component_class> <D:\projects\pytypes2\new100\dash\tests\unit\development\test_generate_class.py#105:3389-3392>
[29108] <component_written_class> <D:\projects\pytypes2\new100\dash\tests\unit\development\test_generate_class.py#115:3658-3661>
[4898] <metadata_path> <D:\projects\pytypes2\new100\dash\dash\development\component_loader.py#24:545-548>
[4899] <namespace> <D:\projects\pytypes2\new100\dash\dash\development\component_loader.py#24:560-563>
[4911] <components> <D:\projects\pytypes2\new100\dash\dash\development\component_loader.py#40:1110-1120>
[4914] <data> <D:\projects\pytypes2\new100\dash\dash\development\component_loader.py#42:1133-1137>
[4919] <componentPath> <D:\projects\pytypes2\new100\dash\dash\development\component_loader.py#45:1254-1267>
[4921] <componentData> <D:\projects\pytypes2\new100\dash\dash\development\component_loader.py#46:1286-1299>
[4926] <name> <D:\projects\pytypes2\new100\dash\dash\development\component_loader.py#53:1616-1620>
[4942] <component> <D:\projects\pytypes2\new100\dash\dash\development\component_loader.py#54:1677-1686>
[762] <self> <D:\projects\pytypes2\new100\dash\dash\dependencies.py#16:472-475>
[763] <other> <D:\projects\pytypes2\new100\dash\dash\dependencies.py#16:478-481>
[780] <self> <D:\projects\pytypes2\new100\dash\dash\dependencies.py#19:584-587>
[1592] <self> <D:\projects\pytypes2\new100\dash\dash\development\build_process.py#87:2685-2688>
[1596] <_> <D:\projects\pytypes2\new100\dash\dash\development\build_process.py#90:2749-2750>
[1593] <copies> <D:\projects\pytypes2\new100\dash\dash\development\build_process.py#88:2701-2707>
[1632] <payload> <D:\projects\pytypes2\new100\dash\dash\development\build_process.py#95:2933-2940>
[1641] <copy> <D:\projects\pytypes2\new100\dash\dash\development\build_process.py#96:2982-2986>
[1690] <fp> <D:\projects\pytypes2\new100\dash\dash\development\build_process.py#101:3198-3200>
[9794] <wait_cond> <D:\projects\pytypes2\new100\dash\dash\testing\wait.py#37:871-874>
[9795] <timeout> <D:\projects\pytypes2\new100\dash\dash\testing\wait.py#37:882-885>
[9796] <poll> <D:\projects\pytypes2\new100\dash\dash\testing\wait.py#37:891-894>
[9797] <msg> <D:\projects\pytypes2\new100\dash\dash\testing\wait.py#37:901-904>
[9800] <res> <D:\projects\pytypes2\new100\dash\dash\testing\wait.py#39:969-972>
[9813] <end_time> <D:\projects\pytypes2\new100\dash\dash\testing\wait.py#46:1138-1146>
[9837] <res> <D:\projects\pytypes2\new100\dash\dash\testing\wait.py#51:1302-1305>
[22355] <dash_duo> <D:\projects\pytypes2\new100\dash\tests\integration\renderer\test_persistence.py#228:7174-7177>
[22356] <app> <D:\projects\pytypes2\new100\dash\tests\integration\renderer\test_persistence.py#229:7190-7193>
[22385] <move_table> <D:\projects\pytypes2\new100\dash\tests\integration\renderer\test_persistence.py#239:7463-7473>
[22437] <find_last_div> <D:\projects\pytypes2\new100\dash\tests\integration\renderer\test_persistence.py#248:7769-7782>
[22438] <n> <D:\projects\pytypes2\new100\dash\tests\integration\renderer\test_persistence.py#248:7783-7786>
[22499] <i> <D:\projects\pytypes2\new100\dash\tests\integration\renderer\test_persistence.py#259:8131-8132>
[18642] <self> <D:\projects\pytypes2\new100\dash\tests\integration\IntegrationTests.py#147:4506-4509>
[18569] <self> <D:\projects\pytypes2\new100\dash\tests\integration\IntegrationTests.py#125:3894-3897>
[18570] <entries> <D:\projects\pytypes2\new100\dash\tests\integration\IntegrationTests.py#126:3910-3917>
[18580] <entry> <D:\projects\pytypes2\new100\dash\tests\integration\IntegrationTests.py#129:4005-4010>
[30400] <mocker> <D:\projects\pytypes2\new100\dash\tests\unit\test_resources.py#65:1850-1853>
[30423] <app> <D:\projects\pytypes2\new100\dash\tests\unit\test_resources.py#71:2053-2056>
[30458] <resource> <D:\projects\pytypes2\new100\dash\tests\unit\test_resources.py#80:2435-2443>
[9394] <self> <D:\projects\pytypes2\new100\dash\dash\testing\dash_page.py#24:607-610>
[16050] <dash_duo> <D:\projects\pytypes2\new100\dash\tests\integration\devtools\test_devtools_error_handling.py#39:1043-1046>
[15970] <app> <D:\projects\pytypes2\new100\dash\tests\integration\devtools\test_devtools_error_handling.py#10:231-234>
[16002] <update_output> <D:\projects\pytypes2\new100\dash\tests\integration\devtools\test_devtools_error_handling.py#20:523-536>
[16021] <bad_sub> <D:\projects\pytypes2\new100\dash\tests\integration\devtools\test_devtools_error_handling.py#26:704-711>
[16051] <app> <D:\projects\pytypes2\new100\dash\tests\integration\devtools\test_devtools_error_handling.py#40:1059-1062>
[16033] <dash_duo> <D:\projects\pytypes2\new100\dash\tests\integration\devtools\test_devtools_error_handling.py#32:779-782>
[16034] <index> <D:\projects\pytypes2\new100\dash\tests\integration\devtools\test_devtools_error_handling.py#32:789-792>
[16162] <error0> <D:\projects\pytypes2\new100\dash\tests\integration\devtools\test_devtools_error_handling.py#69:2150-2156>
[16188] <error1> <D:\projects\pytypes2\new100\dash\tests\integration\devtools\test_devtools_error_handling.py#78:2526-2532>
[21548] <names> <D:\projects\pytypes2\new100\dash\tests\integration\renderer\test_persistence.py#20:400-403>
[21590] <es> <D:\projects\pytypes2\new100\dash\tests\integration\renderer\test_persistence.py#20:403-405>
[21518] <names> <D:\projects\pytypes2\new100\dash\tests\integration\renderer\test_persistence.py#10:181-184>
[21545] <es> <D:\projects\pytypes2\new100\dash\tests\integration\renderer\test_persistence.py#10:184-186>
[21535] <i> <D:\projects\pytypes2\new100\dash\tests\integration\renderer\test_persistence.py#17:352-353>
[21536] <n> <D:\projects\pytypes2\new100\dash\tests\integration\renderer\test_persistence.py#17:355-356>
[21552] <props> <D:\projects\pytypes2\new100\dash\tests\integration\renderer\test_persistence.py#21:442-447>
[16329] <dash_duo> <D:\projects\pytypes2\new100\dash\tests\integration\devtools\test_devtools_error_handling.py#121:3970-3973>
[16330] <app> <D:\projects\pytypes2\new100\dash\tests\integration\devtools\test_devtools_error_handling.py#123:4051-4054>
[16362] <update_output> <D:\projects\pytypes2\new100\dash\tests\integration\devtools\test_devtools_error_handling.py#133:4341-4354>
[16398] <_> <D:\projects\pytypes2\new100\dash\tests\integration\devtools\test_devtools_error_handling.py#149:4744-4745>
[12326] <cls> <D:\software\python\Lib\abc.py#137:4676-4679>
[16888] <dash_duo> <D:\projects\pytypes2\new100\dash\tests\integration\devtools\test_devtools_ui.py#39:1035-1038>
[16889] <app> <D:\projects\pytypes2\new100\dash\tests\integration\devtools\test_devtools_ui.py#40:1051-1054>
[16944] <logs> <D:\projects\pytypes2\new100\dash\tests\integration\devtools\test_devtools_ui.py#58:1539-1543>
[18166] <cls> <D:\projects\pytypes2\new100\dash\tests\integration\IntegrationTests.py#27:611-614>
[18175] <options> <D:\projects\pytypes2\new100\dash\tests\integration\IntegrationTests.py#30:679-686>
[18185] <capabilities> <D:\projects\pytypes2\new100\dash\tests\integration\IntegrationTests.py#33:756-768>
[18214] <driver> <D:\projects\pytypes2\new100\dash\tests\integration\IntegrationTests.py#39:1001-1007>
[18230] <percy_runner> <D:\projects\pytypes2\new100\dash\tests\integration\IntegrationTests.py#44:1188-1200>
[1506] <self> <D:\projects\pytypes2\new100\dash\dash\development\build_process.py#63:1973-1976>
[1507] <path> <D:\projects\pytypes2\new100\dash\dash\development\build_process.py#64:1993-1997>
[1438] <path> <D:\projects\pytypes2\new100\dash\dash\development\build_process.py#49:1454-1457>
[8194] <self> <D:\projects\pytypes2\new100\dash\dash\testing\composite.py#24:698-701>
[8195] <app> <D:\projects\pytypes2\new100\dash\dash\testing\composite.py#24:704-707>
[8203] <server_url> <D:\projects\pytypes2\new100\dash\dash\testing\composite.py#30:899-909>
[30030] <tmpdir> <D:\projects\pytypes2\new100\dash\tests\unit\test_browser.py#21:590-593>
[22101] <dash_duo> <D:\projects\pytypes2\new100\dash\tests\integration\renderer\test_persistence.py#155:4967-4970>
[22102] <app> <D:\projects\pytypes2\new100\dash\tests\integration\renderer\test_persistence.py#156:4983-4986>
[22131] <toggle_table> <D:\projects\pytypes2\new100\dash\tests\integration\renderer\test_persistence.py#166:5259-5271>
[28979] <component_class> <D:\projects\pytypes2\new100\dash\tests\unit\development\test_generate_class.py#77:2346-2349>
[28980] <c> <D:\projects\pytypes2\new100\dash\tests\unit\development\test_generate_class.py#78:2369-2370>
[27902] <write_metada_file> <D:\projects\pytypes2\new100\dash\tests\unit\development\test_component_loader.py#123:3376-3379>
[27903] <my_component> <D:\projects\pytypes2\new100\dash\tests\unit\development\test_component_loader.py#124:3401-3413>
[27919] <a_component> <D:\projects\pytypes2\new100\dash\tests\unit\development\test_component_loader.py#131:3610-3621>
[27935] <c> <D:\projects\pytypes2\new100\dash\tests\unit\development\test_component_loader.py#138:3788-3789>
[27940] <my_component_kwargs> <D:\projects\pytypes2\new100\dash\tests\unit\development\test_component_loader.py#140:3830-3849>
[27955] <a_kwargs> <D:\projects\pytypes2\new100\dash\tests\unit\development\test_component_loader.py#148:4039-4047>
[12336] <cls> <D:\software\python\Lib\abc.py#141:4815-4818>
[13290] <dash_duo> <D:\projects\pytypes2\new100\dash\tests\integration\callbacks\test_basic_callback.py#49:1380-1383>
[13293] <app> <D:\projects\pytypes2\new100\dash\tests\integration\callbacks\test_basic_callback.py#53:1529-1532>
[13325] <pad_output> <D:\projects\pytypes2\new100\dash\tests\integration\callbacks\test_basic_callback.py#59:1791-1801>
[13349] <call_count> <D:\projects\pytypes2\new100\dash\tests\integration\callbacks\test_basic_callback.py#67:2009-2019>
[13355] <update_input> <D:\projects\pytypes2\new100\dash\tests\integration\callbacks\test_basic_callback.py#72:2151-2163>
[13390] <pad_input> <D:\projects\pytypes2\new100\dash\tests\integration\callbacks\test_basic_callback.py#82:2435-2444>
[13391] <pad_div> <D:\projects\pytypes2\new100\dash\tests\integration\callbacks\test_basic_callback.py#82:2446-2453>
[13528] <rqs> <D:\projects\pytypes2\new100\dash\tests\integration\callbacks\test_basic_callback.py#137:4028-4031>
[13547] <rq> <D:\projects\pytypes2\new100\dash\tests\integration\callbacks\test_basic_callback.py#139:4169-4171>
[15551] <dash_duo> <D:\projects\pytypes2\new100\dash\tests\integration\clientside\test_clientside.py#242:7446-7449>
[15552] <app> <D:\projects\pytypes2\new100\dash\tests\integration\clientside\test_clientside.py#243:7462-7465>
[29559] <load_test_metadata_json> <D:\projects\pytypes2\new100\dash\tests\unit\development\test_metadata_conversions.py#71:3038-3041>
[29560] <docstring> <D:\projects\pytypes2\new100\dash\tests\unit\development\test_metadata_conversions.py#72:3069-3078>
[18425] <self> <D:\projects\pytypes2\new100\dash\tests\integration\IntegrationTests.py#93:2648-2651>
[18426] <name> <D:\projects\pytypes2\new100\dash\tests\integration\IntegrationTests.py#93:2654-2657>
[18428] <snapshot_name> <D:\projects\pytypes2\new100\dash\tests\integration\IntegrationTests.py#94:2673-2686>
[18595] <self> <D:\projects\pytypes2\new100\dash\tests\integration\IntegrationTests.py#133:4120-4123>
[18596] <timeout> <D:\projects\pytypes2\new100\dash\tests\integration\IntegrationTests.py#133:4126-4129>
[29592] <load_test_metadata_json> <D:\projects\pytypes2\new100\dash\tests\unit\development\test_metadata_conversions.py#81:3397-3400>
[29593] <props> <D:\projects\pytypes2\new100\dash\tests\unit\development\test_metadata_conversions.py#82:3428-3433>
[28272] <path> <D:\projects\pytypes2\new100\dash\tests\unit\development\test_flow_metadata_conversions.py#119:5641-5645>
[28304] <data_file> <D:\projects\pytypes2\new100\dash\tests\unit\development\test_flow_metadata_conversions.py#120:5718-5727>
[28282] <json_string> <D:\projects\pytypes2\new100\dash\tests\unit\development\test_flow_metadata_conversions.py#121:5738-5749>
[28288] <data> <D:\projects\pytypes2\new100\dash\tests\unit\development\test_flow_metadata_conversions.py#122:5778-5782>
[15220] <dash_duo> <D:\projects\pytypes2\new100\dash\tests\integration\clientside\test_clientside.py#150:4630-4633>
[15221] <app> <D:\projects\pytypes2\new100\dash\tests\integration\clientside\test_clientside.py#151:4646-4649>
[15299] <test_cases> <D:\projects\pytypes2\new100\dash\tests\integration\clientside\test_clientside.py#175:5257-5267>
[15311] <selector> <D:\projects\pytypes2\new100\dash\tests\integration\clientside\test_clientside.py#176:5332-5340>
[15312] <expected> <D:\projects\pytypes2\new100\dash\tests\integration\clientside\test_clientside.py#176:5342-5350>
[15324] <first_input> <D:\projects\pytypes2\new100\dash\tests\integration\clientside\test_clientside.py#179:5434-5445>
[15337] <test_cases> <D:\projects\pytypes2\new100\dash\tests\integration\clientside\test_clientside.py#182:5583-5593>
[15349] <selector> <D:\projects\pytypes2\new100\dash\tests\integration\clientside\test_clientside.py#183:5659-5667>
[15350] <expected> <D:\projects\pytypes2\new100\dash\tests\integration\clientside\test_clientside.py#183:5669-5677>
[15368] <test_cases> <D:\projects\pytypes2\new100\dash\tests\integration\clientside\test_clientside.py#190:5914-5924>
[15380] <selector> <D:\projects\pytypes2\new100\dash\tests\integration\clientside\test_clientside.py#191:5995-6003>
[15381] <expected> <D:\projects\pytypes2\new100\dash\tests\integration\clientside\test_clientside.py#191:6005-6013>
[18286] <self> <D:\projects\pytypes2\new100\dash\tests\integration\IntegrationTests.py#57:1598-1601>
[21796] <dash_duo> <D:\projects\pytypes2\new100\dash\tests\integration\renderer\test_persistence.py#84:2306-2309>
[21797] <app> <D:\projects\pytypes2\new100\dash\tests\integration\renderer\test_persistence.py#85:2322-2325>
[10042] <self> <D:\projects\pytypes2\new100\dash\dash\testing\wait.py#102:2864-2867>
[10043] <driver> <D:\projects\pytypes2\new100\dash\dash\testing\wait.py#102:2870-2873>
[10044] <elem> <D:\projects\pytypes2\new100\dash\dash\testing\wait.py#104:2906-2910>
[10053] <val> <D:\projects\pytypes2\new100\dash\dash\testing\wait.py#105:2977-2980>
[12280] <cls> <D:\software\python\Lib\abc.py#125:3977-3980>
[12281] <file> <D:\software\python\Lib\abc.py#125:3982-3985>
[12294] <_abc_registry> <D:\software\python\Lib\abc.py#129:4212-4225>
[12295] <_abc_cache> <D:\software\python\Lib\abc.py#129:4227-4237>
[12296] <_abc_negative_cache> <D:\software\python\Lib\abc.py#129:4239-4258>
[12297] <_abc_negative_cache_version> <D:\software\python\Lib\abc.py#130:4274-4301>
[22773] <dash_duo> <D:\projects\pytypes2\new100\dash\tests\integration\renderer\test_persistence.py#330:10410-10413>
[22774] <app> <D:\projects\pytypes2\new100\dash\tests\integration\renderer\test_persistence.py#331:10426-10429>
[22799] <reset_names> <D:\projects\pytypes2\new100\dash\tests\integration\renderer\test_persistence.py#341:10692-10703>
[22632] <dash_duo> <D:\projects\pytypes2\new100\dash\tests\integration\renderer\test_persistence.py#294:9203-9206>
[22633] <app> <D:\projects\pytypes2\new100\dash\tests\integration\renderer\test_persistence.py#295:9219-9222>
[22662] <toggle_deletable> <D:\projects\pytypes2\new100\dash\tests\integration\renderer\test_persistence.py#305:9496-9512>
[27855] <f> <D:\projects\pytypes2\new100\dash\tests\unit\development\test_component_loader.py#107:3005-3006>
[8304] <self> <D:\projects\pytypes2\new100\dash\dash\_callback_context.py#30:739-742>
[28911] <component_class> <D:\projects\pytypes2\new100\dash\tests\unit\development\test_generate_class.py#63:1795-1798>
[28912] <kwargs> <D:\projects\pytypes2\new100\dash\tests\unit\development\test_generate_class.py#64:1818-1824>
[28925] <component_instance> <D:\projects\pytypes2\new100\dash\tests\unit\development\test_generate_class.py#65:1907-1925>
[16669] <dash_duo> <D:\projects\pytypes2\new100\dash\tests\integration\devtools\test_devtools_error_handling.py#230:7388-7391>
[16670] <app> <D:\projects\pytypes2\new100\dash\tests\integration\devtools\test_devtools_error_handling.py#231:7404-7407>
[16708] <update_outputs> <D:\projects\pytypes2\new100\dash\tests\integration\devtools\test_devtools_error_handling.py#248:7882-7896>
[26466] <self> <D:\projects\pytypes2\new100\dash\tests\unit\development\metadata_test.py#48:2404-2407>
[26467] <children> <D:\projects\pytypes2\new100\dash\tests\unit\development\metadata_test.py#48:2410-2413>
[26468] <optionalArray> <D:\projects\pytypes2\new100\dash\tests\unit\development\metadata_test.py#48:2425-2428>
[26469] <optionalBool> <D:\projects\pytypes2\new100\dash\tests\unit\development\metadata_test.py#48:2460-2463>
[26470] <optionalFunc> <D:\projects\pytypes2\new100\dash\tests\unit\development\metadata_test.py#48:2494-2497>
[26471] <optionalNumber> <D:\projects\pytypes2\new100\dash\tests\unit\development\metadata_test.py#48:2528-2531>
[26472] <optionalObject> <D:\projects\pytypes2\new100\dash\tests\unit\development\metadata_test.py#48:2564-2567>
[26473] <optionalString> <D:\projects\pytypes2\new100\dash\tests\unit\development\metadata_test.py#48:2600-2603>
[26474] <optionalSymbol> <D:\projects\pytypes2\new100\dash\tests\unit\development\metadata_test.py#48:2636-2639>
[26475] <optionalNode> <D:\projects\pytypes2\new100\dash\tests\unit\development\metadata_test.py#48:2672-2675>
[26476] <optionalElement> <D:\projects\pytypes2\new100\dash\tests\unit\development\metadata_test.py#48:2706-2709>
[26477] <optionalMessage> <D:\projects\pytypes2\new100\dash\tests\unit\development\metadata_test.py#48:2743-2746>
[26478] <optionalEnum> <D:\projects\pytypes2\new100\dash\tests\unit\development\metadata_test.py#48:2780-2783>
[26479] <optionalUnion> <D:\projects\pytypes2\new100\dash\tests\unit\development\metadata_test.py#48:2814-2817>
[26480] <optionalArrayOf> <D:\projects\pytypes2\new100\dash\tests\unit\development\metadata_test.py#48:2849-2852>
[26481] <optionalObjectOf> <D:\projects\pytypes2\new100\dash\tests\unit\development\metadata_test.py#48:2886-2889>
[26482] <optionalObjectWithExactAndNestedDescription> <D:\projects\pytypes2\new100\dash\tests\unit\development\metadata_test.py#48:2924-2927>
[26483] <optionalObjectWithShapeAndNestedDescription> <D:\projects\pytypes2\new100\dash\tests\unit\development\metadata_test.py#48:2989-2992>
[26484] <optionalAny> <D:\projects\pytypes2\new100\dash\tests\unit\development\metadata_test.py#48:3054-3057>
[26485] <customProp> <D:\projects\pytypes2\new100\dash\tests\unit\development\metadata_test.py#48:3087-3090>
[26486] <customArrayProp> <D:\projects\pytypes2\new100\dash\tests\unit\development\metadata_test.py#48:3119-3122>
[26487] <id> <D:\projects\pytypes2\new100\dash\tests\unit\development\metadata_test.py#48:3156-3159>
[26677] <Component> <D:\projects\pytypes2\new100\dash\tests\unit\development\metadata_test.py#48:3159-3168>
[26549] <_prop_names> <D:\projects\pytypes2\new100\dash\tests\unit\development\metadata_test.py#49:3205-3216>
[26575] <_type> <D:\projects\pytypes2\new100\dash\tests\unit\development\metadata_test.py#50:3614-3619>
[26580] <_namespace> <D:\projects\pytypes2\new100\dash\tests\unit\development\metadata_test.py#51:3644-3654>
[26585] <_valid_wildcard_attributes> <D:\projects\pytypes2\new100\dash\tests\unit\development\metadata_test.py#52:3689-3715>
[26592] <available_properties> <D:\projects\pytypes2\new100\dash\tests\unit\development\metadata_test.py#53:3762-3782>
[26618] <available_wildcard_properties> <D:\projects\pytypes2\new100\dash\tests\unit\development\metadata_test.py#54:4180-4209>
[26624] <_explicit_args> <D:\projects\pytypes2\new100\dash\tests\unit\development\metadata_test.py#56:4253-4267>
[26631] <_locals> <D:\projects\pytypes2\new100\dash\tests\unit\development\metadata_test.py#57:4308-4315>
[26646] <k> <D:\projects\pytypes2\new100\dash\tests\unit\development\metadata_test.py#59:4416-4417>
[26641] <args> <D:\projects\pytypes2\new100\dash\tests\unit\development\metadata_test.py#59:4390-4394>
[26654] <k> <D:\projects\pytypes2\new100\dash\tests\unit\development\metadata_test.py#61:4471-4472>
[28312] <load_test_flow_metadata_json> <D:\projects\pytypes2\new100\dash\tests\unit\development\test_flow_metadata_conversions.py#126:5894-5897>
[28313] <docstring> <D:\projects\pytypes2\new100\dash\tests\unit\development\test_flow_metadata_conversions.py#127:5930-5939>
[12704] <cls> <D:\software\python\Lib\_py_abc.py#87:3784-3787>
[12593] <cls> <D:\software\python\Lib\_py_abc.py#54:2292-2295>
[12594] <subclass> <D:\software\python\Lib\_py_abc.py#54:2297-2300>
[12629] <_abc_invalidation_counter> <D:\software\python\Lib\_py_abc.py#69:3036-3061>
[13676] <dash_duo> <D:\projects\pytypes2\new100\dash\tests\integration\callbacks\test_layout_paths_with_callbacks.py#11:299-302>
[13677] <TIMEOUT> <D:\projects\pytypes2\new100\dash\tests\integration\callbacks\test_layout_paths_with_callbacks.py#12:315-322>
[13704] <fp> <D:\projects\pytypes2\new100\dash\tests\integration\callbacks\test_layout_paths_with_callbacks.py#15:421-423>
[13680] <EXPECTED_PATHS> <D:\projects\pytypes2\new100\dash\tests\integration\callbacks\test_layout_paths_with_callbacks.py#16:434-448>
[13707] <app> <D:\projects\pytypes2\new100\dash\tests\integration\callbacks\test_layout_paths_with_callbacks.py#18:472-475>
[13762] <script> <D:\projects\pytypes2\new100\dash\tests\integration\callbacks\test_layout_paths_with_callbacks.py#35:1077-1083>
[13799] <i> <D:\projects\pytypes2\new100\dash\tests\integration\callbacks\test_layout_paths_with_callbacks.py#44:1387-1388>
[13844] <i> <D:\projects\pytypes2\new100\dash\tests\integration\callbacks\test_layout_paths_with_callbacks.py#63:2217-2218>
[13903] <i> <D:\projects\pytypes2\new100\dash\tests\integration\callbacks\test_layout_paths_with_callbacks.py#84:3042-3043>
[13776] <chapters> <D:\projects\pytypes2\new100\dash\tests\integration\callbacks\test_layout_paths_with_callbacks.py#38:1151-1159>
[13922] <call_counts> <D:\projects\pytypes2\new100\dash\tests\integration\callbacks\test_layout_paths_with_callbacks.py#97:3415-3426>
[13960] <display_chapter> <D:\projects\pytypes2\new100\dash\tests\integration\callbacks\test_layout_paths_with_callbacks.py#108:3805-3820>
[13983] <generate_graph_callback> <D:\projects\pytypes2\new100\dash\tests\integration\callbacks\test_layout_paths_with_callbacks.py#114:3974-3997>
[14022] <generate_label_callback> <D:\projects\pytypes2\new100\dash\tests\integration\callbacks\test_layout_paths_with_callbacks.py#130:4450-4473>
[14042] <chapter> <D:\projects\pytypes2\new100\dash\tests\integration\callbacks\test_layout_paths_with_callbacks.py#137:4623-4630>
[13984] <counterId> <D:\projects\pytypes2\new100\dash\tests\integration\callbacks\test_layout_paths_with_callbacks.py#114:3998-4001>
[13985] <callback> <D:\projects\pytypes2\new100\dash\tests\integration\callbacks\test_layout_paths_with_callbacks.py#115:4023-4031>
[14023] <id_> <D:\projects\pytypes2\new100\dash\tests\integration\callbacks\test_layout_paths_with_callbacks.py#130:4474-4477>
[14024] <update_label> <D:\projects\pytypes2\new100\dash\tests\integration\callbacks\test_layout_paths_with_callbacks.py#131:4493-4505>
[14115] <check_chapter> <D:\projects\pytypes2\new100\dash\tests\integration\callbacks\test_layout_paths_with_callbacks.py#150:5137-5150>
[14225] <check_call_counts> <D:\projects\pytypes2\new100\dash\tests\integration\callbacks\test_layout_paths_with_callbacks.py#179:6189-6206>
[14226] <chapters> <D:\projects\pytypes2\new100\dash\tests\integration\callbacks\test_layout_paths_with_callbacks.py#179:6207-6210>
[14227] <count> <D:\projects\pytypes2\new100\dash\tests\integration\callbacks\test_layout_paths_with_callbacks.py#179:6217-6220>
[14228] <chapter> <D:\projects\pytypes2\new100\dash\tests\integration\callbacks\test_layout_paths_with_callbacks.py#180:6238-6245>
[14116] <chapter> <D:\projects\pytypes2\new100\dash\tests\integration\callbacks\test_layout_paths_with_callbacks.py#150:5151-5154>
[14117] <key> <D:\projects\pytypes2\new100\dash\tests\integration\callbacks\test_layout_paths_with_callbacks.py#151:5174-5177>
[14134] <value> <D:\projects\pytypes2\new100\dash\tests\integration\callbacks\test_layout_paths_with_callbacks.py#156:5354-5359>
[14198] <rqs> <D:\projects\pytypes2\new100\dash\tests\integration\callbacks\test_layout_paths_with_callbacks.py#175:6017-6020>
[14217] <rq> <D:\projects\pytypes2\new100\dash\tests\integration\callbacks\test_layout_paths_with_callbacks.py#177:6166-6168>
[14513] <key> <D:\projects\pytypes2\new100\dash\tests\integration\callbacks\test_layout_paths_with_callbacks.py#219:8000-8003>
[6910] <self> <D:\projects\pytypes2\new100\dash\dash\resources.py#14:290-293>
[6911] <resource> <D:\projects\pytypes2\new100\dash\dash\resources.py#14:296-299>
[29297] <expected_string_path> <D:\projects\pytypes2\new100\dash\tests\unit\development\test_generate_class_file.py#35:857-877>
[29317] <f> <D:\projects\pytypes2\new100\dash\tests\unit\development\test_generate_class_file.py#36:964-965>
[12221] <cls> <D:\software\python\Lib\abc.py#106:3274-3277>
[29344] <make_component_dir> <D:\projects\pytypes2\new100\dash\tests\unit\development\test_generate_class_file.py#51:1332-1335>
[29360] <written_file_path> <D:\projects\pytypes2\new100\dash\tests\unit\development\test_generate_class_file.py#59:1592-1609>
[29380] <f> <D:\projects\pytypes2\new100\dash\tests\unit\development\test_generate_class_file.py#60:1698-1699>
[30370] <app> <D:\projects\pytypes2\new100\dash\tests\unit\test_resources.py#60:1686-1689>
[7208] <self> <D:\projects\pytypes2\new100\dash\dash\resources.py#95:3517-3520>
[7209] <script> <D:\projects\pytypes2\new100\dash\dash\resources.py#95:3523-3526>
[23077] <dash_duo> <D:\projects\pytypes2\new100\dash\tests\integration\renderer\test_state_and_input.py#60:1914-1917>
[23078] <app> <D:\projects\pytypes2\new100\dash\tests\integration\renderer\test_state_and_input.py#61:1930-1933>
[23123] <call_count> <D:\projects\pytypes2\new100\dash\tests\integration\renderer\test_state_and_input.py#71:2225-2235>
[23129] <update_output> <D:\projects\pytypes2\new100\dash\tests\integration\renderer\test_state_and_input.py#78:2430-2443>
[23154] <btn> <D:\projects\pytypes2\new100\dash\tests\integration\renderer\test_state_and_input.py#84:2603-2606>
[23163] <output> <D:\projects\pytypes2\new100\dash\tests\integration\renderer\test_state_and_input.py#85:2655-2661>
[16217] <dash_duo> <D:\projects\pytypes2\new100\dash\tests\integration\devtools\test_devtools_error_handling.py#86:2815-2818>
[16218] <app> <D:\projects\pytypes2\new100\dash\tests\integration\devtools\test_devtools_error_handling.py#87:2831-2834>
[16274] <error0> <D:\projects\pytypes2\new100\dash\tests\integration\devtools\test_devtools_error_handling.py#104:3310-3316>
[16300] <error1> <D:\projects\pytypes2\new100\dash\tests\integration\devtools\test_devtools_error_handling.py#113:3676-3682>
[16442] <dash_duo> <D:\projects\pytypes2\new100\dash\tests\integration\devtools\test_devtools_error_handling.py#164:5295-5298>
[16443] <app> <D:\projects\pytypes2\new100\dash\tests\integration\devtools\test_devtools_error_handling.py#165:5311-5314>
[16485] <update_output> <D:\projects\pytypes2\new100\dash\tests\integration\devtools\test_devtools_error_handling.py#176:5670-5683>
[28771] <load_test_metadata_json> <D:\projects\pytypes2\new100\dash\tests\unit\development\test_generate_class.py#14:341-344>
[9876] <self> <D:\projects\pytypes2\new100\dash\dash\testing\wait.py#62:1542-1545>
[9877] <driver> <D:\projects\pytypes2\new100\dash\dash\testing\wait.py#62:1548-1551>
[9878] <elem> <D:\projects\pytypes2\new100\dash\dash\testing\wait.py#64:1584-1588>
[18294] <self> <D:\projects\pytypes2\new100\dash\tests\integration\IntegrationTests.py#60:1661-1664>
[18543] <self> <D:\projects\pytypes2\new100\dash\tests\integration\IntegrationTests.py#120:3737-3740>
[18544] <entries> <D:\projects\pytypes2\new100\dash\tests\integration\IntegrationTests.py#121:3753-3760>
[18555] <last_timestamp> <D:\projects\pytypes2\new100\dash\tests\integration\IntegrationTests.py#123:3833-3847>
[22001] <dash_duo> <D:\projects\pytypes2\new100\dash\tests\integration\renderer\test_persistence.py#130:4073-4076>
[22002] <app> <D:\projects\pytypes2\new100\dash\tests\integration\renderer\test_persistence.py#131:4089-4092>
[22247] <dash_duo> <D:\projects\pytypes2\new100\dash\tests\integration\renderer\test_persistence.py#197:6226-6229>
[22248] <app> <D:\projects\pytypes2\new100\dash\tests\integration\renderer\test_persistence.py#198:6242-6245>
[22277] <toggle_table> <D:\projects\pytypes2\new100\dash\tests\integration\renderer\test_persistence.py#208:6531-6543>
[21175] <dash_duo> <D:\projects\pytypes2\new100\dash\tests\integration\renderer\test_due_diligence.py#13:191-194>
[21176] <app> <D:\projects\pytypes2\new100\dash\tests\integration\renderer\test_due_diligence.py#14:207-210>
[21183] <my_class_attrs> <D:\projects\pytypes2\new100\dash\tests\integration\renderer\test_due_diligence.py#15:238-252>
[21328] <fp> <D:\projects\pytypes2\new100\dash\tests\integration\renderer\test_due_diligence.py#63:1834-1836>
[21299] <expected_dom> <D:\projects\pytypes2\new100\dash\tests\integration\renderer\test_due_diligence.py#64:1847-1859>
[21331] <fetched_dom> <D:\projects\pytypes2\new100\dash\tests\integration\renderer\test_due_diligence.py#66:1910-1921>
[21382] <r> <D:\projects\pytypes2\new100\dash\tests\integration\renderer\test_due_diligence.py#84:2478-2479>
[21447] <child> <D:\projects\pytypes2\new100\dash\tests\integration\renderer\test_due_diligence.py#99:3007-3012>
[21441] <abbr> <D:\projects\pytypes2\new100\dash\tests\integration\renderer\test_due_diligence.py#97:2951-2955>
[21433] <token> <D:\projects\pytypes2\new100\dash\tests\integration\renderer\test_due_diligence.py#95:2902-2907>
[21466] <rqs> <D:\projects\pytypes2\new100\dash\tests\integration\renderer\test_due_diligence.py#105:3187-3190>
[12363] <cls> <D:\software\python\Lib\abc.py#146:4949-4952>
[12375] <abstracts> <D:\software\python\Lib\abc.py#168:5925-5934>
[12379] <scls> <D:\software\python\Lib\abc.py#171:6063-6067>
[12383] <name> <D:\software\python\Lib\abc.py#172:6099-6103>
[12389] <value> <D:\software\python\Lib\abc.py#173:6162-6167>
[12412] <name> <D:\software\python\Lib\abc.py#177:6360-6364>
[12413] <value> <D:\software\python\Lib\abc.py#177:6366-6371>
[20970] <dash_duo> <D:\projects\pytypes2\new100\dash\tests\integration\renderer\test_dependencies.py#9:232-235>
[20971] <app> <D:\projects\pytypes2\new100\dash\tests\integration\renderer\test_dependencies.py#10:248-251>
[21001] <output_1_call_count> <D:\projects\pytypes2\new100\dash\tests\integration\renderer\test_dependencies.py#15:397-416>
[21007] <update_output> <D:\projects\pytypes2\new100\dash\tests\integration\renderer\test_dependencies.py#18:522-535>
[21026] <output_2_call_count> <D:\projects\pytypes2\new100\dash\tests\integration\renderer\test_dependencies.py#25:791-810>
[21032] <update_output_2> <D:\projects\pytypes2\new100\dash\tests\integration\renderer\test_dependencies.py#28:916-931>
[21111] <rqs> <D:\projects\pytypes2\new100\dash\tests\integration\renderer\test_dependencies.py#43:1450-1453>
[28995] <component_class> <D:\projects\pytypes2\new100\dash\tests\unit\development\test_generate_class.py#82:2482-2485>
[28996] <c> <D:\projects\pytypes2\new100\dash\tests\unit\development\test_generate_class.py#85:2640-2641>
[16552] <dash_duo> <D:\projects\pytypes2\new100\dash\tests\integration\devtools\test_devtools_error_handling.py#196:6307-6310>
[16553] <app> <D:\projects\pytypes2\new100\dash\tests\integration\devtools\test_devtools_error_handling.py#197:6323-6326>
[16585] <update_output> <D:\projects\pytypes2\new100\dash\tests\integration\devtools\test_devtools_error_handling.py#208:6645-6658>
[7221] <self> <D:\projects\pytypes2\new100\dash\dash\resources.py#98:3608-3611>
[7222] <dev_bundles> <D:\projects\pytypes2\new100\dash\dash\resources.py#98:3614-3617>
[7084] <self> <D:\projects\pytypes2\new100\dash\dash\resources.py#65:2584-2587>
[7085] <dev_bundles> <D:\projects\pytypes2\new100\dash\dash\resources.py#65:2590-2593>
[7087] <lib_resources> <D:\projects\pytypes2\new100\dash\dash\resources.py#66:2619-2632>
[7096] <all_resources> <D:\projects\pytypes2\new100\dash\dash\resources.py#67:2696-2709>
[6923] <self> <D:\projects\pytypes2\new100\dash\dash\resources.py#17:378-381>
[6924] <all_resources> <D:\projects\pytypes2\new100\dash\dash\resources.py#17:384-387>
[6925] <dev_bundles> <D:\projects\pytypes2\new100\dash\dash\resources.py#17:399-402>
[6927] <filtered_resources> <D:\projects\pytypes2\new100\dash\dash\resources.py#18:428-446>
[6930] <s> <D:\projects\pytypes2\new100\dash\dash\resources.py#19:465-466>
[6932] <filtered_resource> <D:\projects\pytypes2\new100\dash\dash\resources.py#20:498-515>
[7015] <info> <D:\projects\pytypes2\new100\dash\dash\resources.py#38:1386-1390>
[2114] <self> <D:\software\python\Lib\__future__.py#88:3208-3211>
[14767] <dash_duo> <D:\projects\pytypes2\new100\dash\tests\integration\clientside\test_clientside.py#10:282-285>
[14768] <app> <D:\projects\pytypes2\new100\dash\tests\integration\clientside\test_clientside.py#11:298-301>
[14802] <update_output> <D:\projects\pytypes2\new100\dash\tests\integration\clientside\test_clientside.py#24:646-659>
[16994] <dash_duo> <D:\projects\pytypes2\new100\dash\tests\integration\devtools\test_hot_reload.py#7:110-113>
[16995] <app> <D:\projects\pytypes2\new100\dash\tests\integration\devtools\test_hot_reload.py#8:126-129>
[17040] <hot_reload_file> <D:\projects\pytypes2\new100\dash\tests\integration\devtools\test_hot_reload.py#23:597-612>
[17090] <fp> <D:\projects\pytypes2\new100\dash\tests\integration\devtools\test_hot_reload.py#26:743-745>
[17057] <old_content> <D:\projects\pytypes2\new100\dash\tests\integration\devtools\test_hot_reload.py#27:756-767>
[17113] <f> <D:\projects\pytypes2\new100\dash\tests\integration\devtools\test_hot_reload.py#46:1269-1270>
[9404] <self> <D:\projects\pytypes2\new100\dash\dash\testing\dash_page.py#28:719-722>
[29016] <component_class> <D:\projects\pytypes2\new100\dash\tests\unit\development\test_generate_class.py#89:2801-2804>
[29017] <c1> <D:\projects\pytypes2\new100\dash\tests\unit\development\test_generate_class.py#90:2824-2826>
[29023] <c2> <D:\projects\pytypes2\new100\dash\tests\unit\development\test_generate_class.py#91:2858-2860>
[29031] <c3> <D:\projects\pytypes2\new100\dash\tests\unit\development\test_generate_class.py#92:2905-2907>
[29046] <component_class> <D:\projects\pytypes2\new100\dash\tests\unit\development\test_generate_class.py#96:3044-3047>
[29047] <c> <D:\projects\pytypes2\new100\dash\tests\unit\development\test_generate_class.py#97:3067-3068>
[29059] <data_first> <D:\projects\pytypes2\new100\dash\tests\unit\development\test_generate_class.py#98:3142-3152>
[29062] <aria_first> <D:\projects\pytypes2\new100\dash\tests\unit\development\test_generate_class.py#99:3208-3218>
[29065] <repr_string> <D:\projects\pytypes2\new100\dash\tests\unit\development\test_generate_class.py#100:3274-3285>
[30196] <imported> <D:\projects\pytypes2\new100\dash\tests\unit\test_import.py#6:76-84>
[30225] <fp> <D:\projects\pytypes2\new100\dash\tests\unit\test_import.py#9:235-237>
[10625] <folders> <D:\projects\pytypes2\new100\dash\dash\_watch.py#7:69-72>
[10626] <on_change> <D:\projects\pytypes2\new100\dash\dash\_watch.py#7:78-81>
[10627] <pattern> <D:\projects\pytypes2\new100\dash\dash\_watch.py#7:89-92>
[10628] <sleep_time> <D:\projects\pytypes2\new100\dash\dash\_watch.py#7:103-106>
[10630] <pattern> <D:\projects\pytypes2\new100\dash\dash\_watch.py#8:125-132>
[10639] <watched> <D:\projects\pytypes2\new100\dash\dash\_watch.py#9:181-188>
[10649] <walk> <D:\projects\pytypes2\new100\dash\dash\_watch.py#11:238-242>
[10650] <walked> <D:\projects\pytypes2\new100\dash\dash\_watch.py#12:255-261>
[10653] <folder> <D:\projects\pytypes2\new100\dash\dash\_watch.py#13:280-286>
[10655] <current> <D:\projects\pytypes2\new100\dash\dash\_watch.py#14:316-323>
[10656] <_> <D:\projects\pytypes2\new100\dash\dash\_watch.py#14:325-326>
[10657] <files> <D:\projects\pytypes2\new100\dash\dash\_watch.py#14:328-333>
[10664] <f> <D:\projects\pytypes2\new100\dash\dash\_watch.py#15:376-377>
[10677] <path> <D:\projects\pytypes2\new100\dash\dash\_watch.py#18:502-506>
[10687] <info> <D:\projects\pytypes2\new100\dash\dash\_watch.py#20:557-561>
[10694] <new_time> <D:\projects\pytypes2\new100\dash\dash\_watch.py#21:599-607>
[10734] <x> <D:\projects\pytypes2\new100\dash\dash\_watch.py#30:888-889>
[10732] <w> <D:\projects\pytypes2\new100\dash\dash\_watch.py#30:876-877>
[8265] <func> <D:\projects\pytypes2\new100\dash\dash\_callback_context.py#7:80-83>
[8266] <assert_context> <D:\projects\pytypes2\new100\dash\dash\_callback_context.py#9:124-138>
[4967] <namespace> <D:\projects\pytypes2\new100\dash\dash\development\component_loader.py#66:1930-1933>
[4968] <metadata_path> <D:\projects\pytypes2\new100\dash\dash\development\component_loader.py#66:1941-1944>
[4972] <data> <D:\projects\pytypes2\new100\dash\dash\development\component_loader.py#81:2367-2371>
[4977] <imports_path> <D:\projects\pytypes2\new100\dash\dash\development\component_loader.py#82:2408-2420>
[5002] <components> <D:\projects\pytypes2\new100\dash\dash\development\component_loader.py#88:2607-2617>
[30297] <mocker> <D:\projects\pytypes2\new100\dash\tests\unit\test_resources.py#36:999-1002>
[30320] <app> <D:\projects\pytypes2\new100\dash\tests\unit\test_resources.py#42:1201-1204>
[30348] <resource> <D:\projects\pytypes2\new100\dash\tests\unit\test_resources.py#48:1392-1400>
[29098] <component_class> <D:\projects\pytypes2\new100\dash\tests\unit\development\test_generate_class.py#111:3550-3553>
[12691] <cls> <D:\software\python\Lib\_py_abc.py#83:3652-3655>
[12124] <funcobj> <D:\software\python\Lib\abc.py#7:186-189>
[13136] <dash_duo> <D:\projects\pytypes2\new100\dash\tests\integration\callbacks\test_basic_callback.py#11:238-241>
[13137] <app> <D:\projects\pytypes2\new100\dash\tests\integration\callbacks\test_basic_callback.py#12:254-257>
[13178] <call_count> <D:\projects\pytypes2\new100\dash\tests\integration\callbacks\test_basic_callback.py#19:482-492>
[13184] <update_output> <D:\projects\pytypes2\new100\dash\tests\integration\callbacks\test_basic_callback.py#22:598-611>
[13222] <input_> <D:\projects\pytypes2\new100\dash\tests\integration\callbacks\test_basic_callback.py#31:866-872>
[13269] <rqs> <D:\projects\pytypes2\new100\dash\tests\integration\callbacks\test_basic_callback.py#43:1231-1234>
[29664] <make_r_dir> <D:\projects\pytypes2\new100\dash\tests\unit\development\test_r_component_gen.py#22:297-300>
[29665] <extra_file> <D:\projects\pytypes2\new100\dash\tests\unit\development\test_r_component_gen.py#23:315-325>
[29670] <components> <D:\projects\pytypes2\new100\dash\tests\unit\development\test_r_component_gen.py#60:1515-1525>
[29675] <prefix> <D:\projects\pytypes2\new100\dash\tests\unit\development\test_r_component_gen.py#61:1562-1568>
[29682] <c> <D:\projects\pytypes2\new100\dash\tests\unit\development\test_r_component_gen.py#63:1619-1620>
[29678] <expected_exports> <D:\projects\pytypes2\new100\dash\tests\unit\development\test_r_component_gen.py#63:1584-1600>
[29694] <mock_component_file> <D:\projects\pytypes2\new100\dash\tests\unit\development\test_r_component_gen.py#71:1757-1776>
[29717] <f> <D:\projects\pytypes2\new100\dash\tests\unit\development\test_r_component_gen.py#75:1936-1937>
[29738] <f> <D:\projects\pytypes2\new100\dash\tests\unit\development\test_r_component_gen.py#78:2033-2034>
[29741] <exports> <D:\projects\pytypes2\new100\dash\tests\unit\development\test_r_component_gen.py#81:2072-2079>
[29751] <matches> <D:\projects\pytypes2\new100\dash\tests\unit\development\test_r_component_gen.py#83:2150-2157>
[29991] <browser_type> <D:\projects\pytypes2\new100\dash\tests\unit\test_browser.py#7:204-207>
[29992] <tmpdir> <D:\projects\pytypes2\new100\dash\tests\unit\test_browser.py#7:218-221>
[7155] <self> <D:\projects\pytypes2\new100\dash\dash\resources.py#83:3158-3161>
[7156] <stylesheet> <D:\projects\pytypes2\new100\dash\dash\resources.py#83:3164-3167>
[1522] <self> <D:\projects\pytypes2\new100\dash\dash\development\build_process.py#68:2112-2115>
[23975] <self> <D:\projects\pytypes2\new100\dash\tests\integration\test_race_conditions.py#15:317-320>
[28952] <component_class> <D:\projects\pytypes2\new100\dash\tests\unit\development\test_generate_class.py#70:2088-2091>
[28953] <c1> <D:\projects\pytypes2\new100\dash\tests\unit\development\test_generate_class.py#71:2111-2113>
[28958] <c2> <D:\projects\pytypes2\new100\dash\tests\unit\development\test_generate_class.py#72:2154-2156>
[8144] <self> <D:\projects\pytypes2\new100\dash\dash\testing\composite.py#9:228-231>
[8145] <app> <D:\projects\pytypes2\new100\dash\dash\testing\composite.py#9:234-237>
[8166] <kwargs> <D:\projects\pytypes2\new100\dash\dash\testing\composite.py#9:241-247>
[8157] <server_url> <D:\projects\pytypes2\new100\dash\dash\testing\composite.py#16:480-490>
[8173] <self> <D:\projects\pytypes2\new100\dash\dash\testing\composite.py#20:563-566>
[8174] <server> <D:\projects\pytypes2\new100\dash\dash\testing\composite.py#20:569-572>
[8191] <ver> <D:\projects\pytypes2\new100\dash\dash\testing\composite.py#20:572-575>
[8186] <server> <D:\projects\pytypes2\new100\dash\dash\testing\composite.py#22:658-664>
[9956] <self> <D:\projects\pytypes2\new100\dash\dash\testing\wait.py#81:2177-2180>
[9957] <driver> <D:\projects\pytypes2\new100\dash\dash\testing\wait.py#81:2183-2186>
[9958] <elem> <D:\projects\pytypes2\new100\dash\dash\testing\wait.py#83:2219-2223>
[15768] <dash_duo> <D:\projects\pytypes2\new100\dash\tests\integration\dash_assets\test_dash_assets.py#65:1574-1577>
[15769] <js_files> <D:\projects\pytypes2\new100\dash\tests\integration\dash_assets\test_dash_assets.py#66:1590-1598>
[15790] <css_files> <D:\projects\pytypes2\new100\dash\tests\integration\dash_assets\test_dash_assets.py#81:2211-2220>
[15803] <app> <D:\projects\pytypes2\new100\dash\tests\integration\dash_assets\test_dash_assets.py#91:2590-2593>
[15841] <x> <D:\projects\pytypes2\new100\dash\tests\integration\dash_assets\test_dash_assets.py#121:3339-3340>
[15831] <js_urls> <D:\projects\pytypes2\new100\dash\tests\integration\dash_assets\test_dash_assets.py#121:3285-3292>
[15856] <x> <D:\projects\pytypes2\new100\dash\tests\integration\dash_assets\test_dash_assets.py#122:3415-3416>
[15846] <css_urls> <D:\projects\pytypes2\new100\dash\tests\integration\dash_assets\test_dash_assets.py#122:3359-3367>
[15870] <x> <D:\projects\pytypes2\new100\dash\tests\integration\dash_assets\test_dash_assets.py#125:3512-3513>
[15877] <x> <D:\projects\pytypes2\new100\dash\tests\integration\dash_assets\test_dash_assets.py#126:3567-3568>
[15861] <fmt> <D:\projects\pytypes2\new100\dash\tests\integration\dash_assets\test_dash_assets.py#124:3442-3445>
[15862] <url> <D:\projects\pytypes2\new100\dash\tests\integration\dash_assets\test_dash_assets.py#124:3447-3450>
[29386] <expected_class_string> <D:\projects\pytypes2\new100\dash\tests\unit\development\test_generate_class_file.py#64:1753-1756>
[29387] <component_class_string> <D:\projects\pytypes2\new100\dash\tests\unit\development\test_generate_class_file.py#64:1776-1779>
[22528] <dash_duo> <D:\projects\pytypes2\new100\dash\tests\integration\renderer\test_persistence.py#265:8317-8320>
[22529] <app> <D:\projects\pytypes2\new100\dash\tests\integration\renderer\test_persistence.py#266:8333-8336>
[22558] <hide_cols> <D:\projects\pytypes2\new100\dash\tests\integration\renderer\test_persistence.py#276:8608-8617>
[14610] <dash_duo> <D:\projects\pytypes2\new100\dash\tests\integration\callbacks\test_multiple_callbacks.py#9:205-208>
[14611] <app> <D:\projects\pytypes2\new100\dash\tests\integration\callbacks\test_multiple_callbacks.py#10:221-224>
[14641] <call_count> <D:\projects\pytypes2\new100\dash\tests\integration\callbacks\test_multiple_callbacks.py#15:359-369>
[14647] <update_output> <D:\projects\pytypes2\new100\dash\tests\integration\callbacks\test_multiple_callbacks.py#18:476-489>
[14711] <rqs> <D:\projects\pytypes2\new100\dash\tests\integration\callbacks\test_multiple_callbacks.py#34:899-902>
[12493] <cls> <D:\software\python\Lib\_py_abc.py#36:1436-1439>
[12508] <name> <D:\software\python\Lib\_py_abc.py#39:1599-1603>
[12509] <value> <D:\software\python\Lib\_py_abc.py#39:1605-1610>
[12506] <abstracts> <D:\software\python\Lib\_py_abc.py#38:1555-1564>
[12523] <base> <D:\software\python\Lib\_py_abc.py#41:1717-1721>
[12525] <name> <D:\software\python\Lib\_py_abc.py#42:1749-1753>
[12532] <value> <D:\software\python\Lib\_py_abc.py#43:1819-1824>
[25126] <json_path> <D:\projects\pytypes2\new100\dash\tests\unit\development\conftest.py#12:157-166>
[25158] <data_file> <D:\projects\pytypes2\new100\dash\tests\unit\development\conftest.py#13:239-248>
[25136] <json_string> <D:\projects\pytypes2\new100\dash\tests\unit\development\conftest.py#14:259-270>
[25142] <data> <D:\projects\pytypes2\new100\dash\tests\unit\development\conftest.py#15:299-303>
[11971] <name> <D:\software\python\Lib\io.py#60:2589-2592>
[9372] <self> <D:\projects\pytypes2\new100\dash\dash\testing\dash_page.py#12:308-311>
[22890] <dash_duo> <D:\projects\pytypes2\new100\dash\tests\integration\renderer\test_state_and_input.py#10:258-261>
[22891] <app> <D:\projects\pytypes2\new100\dash\tests\integration\renderer\test_state_and_input.py#11:274-277>
[22929] <call_count> <D:\projects\pytypes2\new100\dash\tests\integration\renderer\test_state_and_input.py#20:518-528>
[22935] <update_output> <D:\projects\pytypes2\new100\dash\tests\integration\renderer\test_state_and_input.py#27:694-707>
[22959] <input_> <D:\projects\pytypes2\new100\dash\tests\integration\renderer\test_state_and_input.py#33:857-863>
[22968] <output_> <D:\projects\pytypes2\new100\dash\tests\integration\renderer\test_state_and_input.py#34:911-918>
[7129] <self> <D:\projects\pytypes2\new100\dash\dash\resources.py#79:2993-2996>
[7130] <serve_locally> <D:\projects\pytypes2\new100\dash\dash\resources.py#79:2999-3002>
[7132] <_resources> <D:\projects\pytypes2\new100\dash\dash\resources.py#80:3029-3039>
[7144] <config> <D:\projects\pytypes2\new100\dash\dash\resources.py#81:3104-3110>
[7141] <config> <D:\projects\pytypes2\new100\dash\dash\resources.py#81:3090-3096>
[18809] <name> <D:\software\python\Lib\unittest\__init__.py#93:3768-3771>
[29874] <dash_thread_server> <D:\projects\pytypes2\new100\dash\tests\unit\test_app_runners.py#9:131-134>
[29875] <app> <D:\projects\pytypes2\new100\dash\tests\unit\test_app_runners.py#10:157-160>
[29916] <r> <D:\projects\pytypes2\new100\dash\tests\unit\test_app_runners.py#19:440-441>
[18334] <self> <D:\projects\pytypes2\new100\dash\tests\integration\IntegrationTests.py#71:1931-1934>
[18335] <dash> <D:\projects\pytypes2\new100\dash\tests\integration\IntegrationTests.py#71:1937-1940>
[18422] <h> <D:\projects\pytypes2\new100\dash\tests\integration\IntegrationTests.py#71:1940-1941>
[18336] <run> <D:\projects\pytypes2\new100\dash\tests\integration\IntegrationTests.py#72:1967-1970>
[18383] <server_process> <D:\projects\pytypes2\new100\dash\tests\integration\IntegrationTests.py#85:2384-2398>
[12244] <cls> <D:\software\python\Lib\abc.py#110:3412-3415>
[12245] <subclass> <D:\software\python\Lib\abc.py#110:3417-3420>
[18260] <cls> <D:\projects\pytypes2\new100\dash\tests\integration\IntegrationTests.py#52:1451-1454>
[27875] <init_file_path> <D:\projects\pytypes2\new100\dash\tests\unit\development\test_component_loader.py#116:3170-3184>
[29942] <dash_process_server> <D:\projects\pytypes2\new100\dash\tests\unit\test_app_runners.py#27:762-765>
[29947] <r> <D:\projects\pytypes2\new100\dash\tests\unit\test_app_runners.py#29:828-829>
[28790] <path> <D:\projects\pytypes2\new100\dash\tests\unit\development\test_generate_class.py#25:635-639>
[28822] <data_file> <D:\projects\pytypes2\new100\dash\tests\unit\development\test_generate_class.py#26:716-725>
[28800] <json_string> <D:\projects\pytypes2\new100\dash\tests\unit\development\test_generate_class.py#27:736-747>
[28806] <required_data> <D:\projects\pytypes2\new100\dash\tests\unit\development\test_generate_class.py#28:776-789>
[2124] <self> <D:\software\python\Lib\__future__.py#95:3428-3431>
[1974] <self> <D:\projects\pytypes2\new100\dash\dash\development\build_process.py#159:5357-5360>
[28843] <component_class> <D:\projects\pytypes2\new100\dash\tests\unit\development\test_generate_class.py#40:1113-1116>
[28844] <c> <D:\projects\pytypes2\new100\dash\tests\unit\development\test_generate_class.py#41:1136-1137>
[28862] <c> <D:\projects\pytypes2\new100\dash\tests\unit\development\test_generate_class.py#48:1313-1314>
[8123] <self> <D:\projects\pytypes2\new100\dash\dash\testing\composite.py#5:94-97>
[8124] <server> <D:\projects\pytypes2\new100\dash\dash\testing\composite.py#5:100-103>
[8141] <ver> <D:\projects\pytypes2\new100\dash\dash\testing\composite.py#5:103-106>
[8136] <server> <D:\projects\pytypes2\new100\dash\dash\testing\composite.py#7:188-194>
[9428] <self> <D:\projects\pytypes2\new100\dash\dash\testing\dash_page.py#39:1025-1028>
[9429] <store_id> <D:\projects\pytypes2\new100\dash\dash\testing\dash_page.py#39:1031-1034>
[28005] <write_metada_file> <D:\projects\pytypes2\new100\dash\tests\unit\development\test_component_loader.py#159:4397-4400>
[28006] <make_namespace> <D:\projects\pytypes2\new100\dash\tests\unit\development\test_component_loader.py#159:4416-4419>
[28007] <my_component_runtime> <D:\projects\pytypes2\new100\dash\tests\unit\development\test_component_loader.py#160:4438-4458>
[28023] <a_runtime> <D:\projects\pytypes2\new100\dash\tests\unit\development\test_component_loader.py#167:4655-4664>
[28056] <my_component_kwargs> <D:\projects\pytypes2\new100\dash\tests\unit\development\test_component_loader.py#178:5029-5048>
[28071] <a_kwargs> <D:\projects\pytypes2\new100\dash\tests\unit\development\test_component_loader.py#186:5238-5246>
[7168] <self> <D:\projects\pytypes2\new100\dash\dash\resources.py#86:3253-3256>
[28345] <load_test_flow_metadata_json> <D:\projects\pytypes2\new100\dash\tests\unit\development\test_flow_metadata_conversions.py#136:6266-6269>
[28346] <props> <D:\projects\pytypes2\new100\dash\tests\unit\development\test_flow_metadata_conversions.py#137:6302-6307>
[29156] <component_class> <D:\projects\pytypes2\new100\dash\tests\unit\development\test_generate_class.py#125:4018-4021>
[29162] <expected_attrs> <D:\projects\pytypes2\new100\dash\tests\unit\development\test_generate_class.py#130:4254-4268>
[29173] <c> <D:\projects\pytypes2\new100\dash\tests\unit\development\test_generate_class.py#131:4321-4322>
[29177] <base_attrs> <D:\projects\pytypes2\new100\dash\tests\unit\development\test_generate_class.py#132:4348-4358>
[29187] <a> <D:\projects\pytypes2\new100\dash\tests\unit\development\test_generate_class.py#133:4402-4403>
[29184] <extra_attrs> <D:\projects\pytypes2\new100\dash\tests\unit\development\test_generate_class.py#133:4378-4389>
[29203] <c2> <D:\projects\pytypes2\new100\dash\tests\unit\development\test_generate_class.py#140:4614-4616>
[29213] <prop_attrs> <D:\projects\pytypes2\new100\dash\tests\unit\development\test_generate_class.py#141:4680-4690>
[9416] <self> <D:\projects\pytypes2\new100\dash\dash\testing\dash_page.py#34:875-878>
[14879] <dash_duo> <D:\projects\pytypes2\new100\dash\tests\integration\clientside\test_clientside.py#49:1473-1476>
[14880] <app> <D:\projects\pytypes2\new100\dash\tests\integration\clientside\test_clientside.py#50:1489-1492>
[14993] <call_counts> <D:\projects\pytypes2\new100\dash\tests\integration\clientside\test_clientside.py#83:2534-2545>
[15006] <divide_by_two> <D:\projects\pytypes2\new100\dash\tests\integration\clientside\test_clientside.py#88:2711-2724>
[15024] <display_all> <D:\projects\pytypes2\new100\dash\tests\integration\clientside\test_clientside.py#101:3082-3093>
[15084] <test_cases> <D:\projects\pytypes2\new100\dash\tests\integration\clientside\test_clientside.py#118:3553-3563>
[15115] <selector> <D:\projects\pytypes2\new100\dash\tests\integration\clientside\test_clientside.py#126:3815-3823>
[15116] <expected> <D:\projects\pytypes2\new100\dash\tests\integration\clientside\test_clientside.py#126:3825-3833>
[15144] <x_input> <D:\projects\pytypes2\new100\dash\tests\integration\clientside\test_clientside.py#132:4010-4017>
[15157] <test_cases> <D:\projects\pytypes2\new100\dash\tests\integration\clientside\test_clientside.py#135:4103-4113>
[15188] <selector> <D:\projects\pytypes2\new100\dash\tests\integration\clientside\test_clientside.py#143:4374-4382>
[15189] <expected> <D:\projects\pytypes2\new100\dash\tests\integration\clientside\test_clientside.py#143:4384-4392>
[8292] <self> <D:\projects\pytypes2\new100\dash\dash\_callback_context.py#25:628-631>
[2134] <self> <D:\software\python\Lib\__future__.py#103:3726-3729>
[1566] <self> <D:\projects\pytypes2\new100\dash\dash\development\build_process.py#80:2506-2509>
[1567] <build> <D:\projects\pytypes2\new100\dash\dash\development\build_process.py#80:2512-2515>
[24598] <imported> <D:\projects\pytypes2\new100\dash\tests\unit\dash\test_dash_import.py#6:84-92>
[24627] <fp> <D:\projects\pytypes2\new100\dash\tests\unit\dash\test_dash_import.py#9:243-245>
[12256] <cls> <D:\software\python\Lib\abc.py#117:3656-3659>
[12257] <instance> <D:\software\python\Lib\abc.py#117:3661-3664>
[29792] <s> <D:\projects\pytypes2\new100\dash\tests\unit\development\__init__.py#6:91-94>
[29800] <line> <D:\projects\pytypes2\new100\dash\tests\unit\development\__init__.py#7:137-141>
[18769] <loader> <D:\software\python\Lib\unittest\__init__.py#79:3320-3323>
[18770] <tests> <D:\software\python\Lib\unittest\__init__.py#79:3328-3331>
[18771] <pattern> <D:\software\python\Lib\unittest\__init__.py#79:3335-3338>
[18776] <this_dir> <D:\software\python\Lib\unittest\__init__.py#82:3423-3431>
[8316] <self> <D:\projects\pytypes2\new100\dash\dash\_callback_context.py#35:853-856>
[8328] <self> <D:\projects\pytypes2\new100\dash\dash\_callback_context.py#40:970-973>
[21033] <value> <D:\projects\pytypes2\new100\dash\tests\integration\renderer\test_dependencies.py#28:932-935>
[14803] <value> <D:\projects\pytypes2\new100\dash\tests\integration\clientside\test_clientside.py#24:660-663>
[13986] <value> <D:\projects\pytypes2\new100\dash\tests\integration\callbacks\test_layout_paths_with_callbacks.py#115:4032-4035>
[16586] <n_clicks> <D:\projects\pytypes2\new100\dash\tests\integration\devtools\test_devtools_error_handling.py#208:6659-6662>
[13961] <toc_value> <D:\projects\pytypes2\new100\dash\tests\integration\callbacks\test_layout_paths_with_callbacks.py#108:3821-3824>
[22800] <n> <D:\projects\pytypes2\new100\dash\tests\integration\renderer\test_persistence.py#341:10704-10707>
[16486] <n_clicks> <D:\projects\pytypes2\new100\dash\tests\integration\devtools\test_devtools_error_handling.py#176:5684-5687>
[16363] <n_clicks> <D:\projects\pytypes2\new100\dash\tests\integration\devtools\test_devtools_error_handling.py#133:4355-4358>
[15046] <args> <D:\projects\pytypes2\new100\dash\tests\integration\clientside\test_clientside.py#101:3095-3099>
[15039] <a> <D:\projects\pytypes2\new100\dash\tests\integration\clientside\test_clientside.py#103:3183-3184>
[23130] <input> <D:\projects\pytypes2\new100\dash\tests\integration\renderer\test_state_and_input.py#78:2444-2447>
[23131] <n_clicks> <D:\projects\pytypes2\new100\dash\tests\integration\renderer\test_state_and_input.py#78:2451-2454>
[23132] <state> <D:\projects\pytypes2\new100\dash\tests\integration\renderer\test_state_and_input.py#78:2461-2464>
[13326] <input> <D:\projects\pytypes2\new100\dash\tests\integration\callbacks\test_basic_callback.py#59:1802-1805>
[15007] <value> <D:\projects\pytypes2\new100\dash\tests\integration\clientside\test_clientside.py#88:2725-2728>
[24026] <value> <D:\projects\pytypes2\new100\dash\tests\integration\test_race_conditions.py#34:784-787>
[14025] <value> <D:\projects\pytypes2\new100\dash\tests\integration\callbacks\test_layout_paths_with_callbacks.py#131:4506-4509>
[16709] <n_clicks> <D:\projects\pytypes2\new100\dash\tests\integration\devtools\test_devtools_error_handling.py#248:7897-7900>
[8284] <kwargs> <D:\projects\pytypes2\new100\dash\dash\_callback_context.py#9:148-154>
[8283] <args> <D:\projects\pytypes2\new100\dash\dash\_callback_context.py#9:140-144>
[13356] <value> <D:\projects\pytypes2\new100\dash\tests\integration\callbacks\test_basic_callback.py#72:2164-2167>
[22386] <n> <D:\projects\pytypes2\new100\dash\tests\integration\renderer\test_persistence.py#239:7474-7477>
[22387] <children> <D:\projects\pytypes2\new100\dash\tests\integration\renderer\test_persistence.py#240:7487-7495>
[22399] <i> <D:\projects\pytypes2\new100\dash\tests\integration\renderer\test_persistence.py#241:7558-7559>
[22408] <children> <D:\projects\pytypes2\new100\dash\tests\integration\renderer\test_persistence.py#242:7600-7608>
[22936] <input> <D:\projects\pytypes2\new100\dash\tests\integration\renderer\test_state_and_input.py#27:708-711>
[22937] <state> <D:\projects\pytypes2\new100\dash\tests\integration\renderer\test_state_and_input.py#27:715-718>
[16003] <n_clicks> <D:\projects\pytypes2\new100\dash\tests\integration\devtools\test_devtools_error_handling.py#20:537-540>
[21008] <value> <D:\projects\pytypes2\new100\dash\tests\integration\renderer\test_dependencies.py#18:536-539>
[22559] <n> <D:\projects\pytypes2\new100\dash\tests\integration\renderer\test_persistence.py#276:8618-8621>
[21639] <columns> <D:\projects\pytypes2\new100\dash\tests\integration\renderer\test_persistence.py#46:1139-1142>
[21640] <hidden_columns> <D:\projects\pytypes2\new100\dash\tests\integration\renderer\test_persistence.py#46:1148-1151>
[21650] <col> <D:\projects\pytypes2\new100\dash\tests\integration\renderer\test_persistence.py#48:1257-1260>
[22132] <n> <D:\projects\pytypes2\new100\dash\tests\integration\renderer\test_persistence.py#166:5272-5275>
[13185] <value> <D:\projects\pytypes2\new100\dash\tests\integration\callbacks\test_basic_callback.py#22:612-615>
[24032] <i> <D:\projects\pytypes2\new100\dash\tests\integration\test_race_conditions.py#38:859-860>
[24033] <route> <D:\projects\pytypes2\new100\dash\tests\integration\test_race_conditions.py#38:862-867>
[14648] <n_clicks> <D:\projects\pytypes2\new100\dash\tests\integration\callbacks\test_multiple_callbacks.py#18:490-493>
[22663] <n> <D:\projects\pytypes2\new100\dash\tests\integration\renderer\test_persistence.py#305:9513-9516>
[18355] <kws> <D:\projects\pytypes2\new100\dash\tests\integration\IntegrationTests.py#75:2091-2094>
[22278] <n> <D:\projects\pytypes2\new100\dash\tests\integration\renderer\test_persistence.py#208:6544-6547>
